#
# A fatal error has been detected by the Java Runtime Environment:
#
#  SIGSEGV (0xb) at pc=0x00007fd348b7fb39, pid=3538, tid=3572
#
# JRE version: Java(TM) SE Runtime Environment (9.0+11) (build 9.0.4+11)
# Java VM: Java HotSpot(TM) 64-Bit Server VM (9.0.4+11, mixed mode, tiered, compressed oops, g1 gc, linux-amd64)
# Problematic frame:
# V  [libjvm.so+0xca8b39]  Symbol::as_C_string() const+0x9
#
# Core dump will be written. Default location: Core dumps may be processed with "/usr/share/apport/apport %p %s %c %d %P" (or dumping to /home/enmo/DSA/DSA-18/datastructures/day04/core.3538)
#
# If you would like to submit a bug report, please visit:
#   http://bugreport.java.com/bugreport/crash.jsp
#

---------------  S U M M A R Y ------------

Command Line: -agentlib:jdwp=transport=dt_socket,address=127.0.0.1:43613,suspend=y,server=n -ea -Didea.test.cyclic.buffer.size=1048576 -javaagent:/opt/intellij-idea-community/lib/rt/debugger-agent.jar=/tmp/capture.props -Dfile.encoding=UTF-8 com.intellij.rt.execution.junit.JUnitStarter -ideVersion5 -junit5 MyHashMapTest,testContainsValue

Host: Intel(R) Core(TM) i7-7820HQ CPU @ 2.90GHz, 8 cores, 15G, Ubuntu 16.04.3 LTS
Time: Thu Feb  8 08:41:20 2018 EST elapsed time: 1151 seconds (0d 0h 19m 11s)

---------------  T H R E A D  ---------------

Current thread (0x00007fd34031f800):  JavaThread "JDWP Transport Listener: dt_socket" daemon [_thread_in_vm, id=3572, stack(0x00007fd2d40c3000,0x00007fd2d41c4000)]

Stack: [0x00007fd2d40c3000,0x00007fd2d41c4000],  sp=0x00007fd2d41c2810,  free space=1022k
Native frames: (J=compiled Java code, A=aot compiled Java code, j=interpreted, Vv=VM code, C=native code)
V  [libjvm.so+0xca8b39]  Symbol::as_C_string() const+0x9
V  [libjvm.so+0x9a628b]  VM_GetOrSetLocal::check_slot_type(javaVFrame*)+0xfb
V  [libjvm.so+0xd5acb9]  VMThread::execute(VM_Operation*)+0x209
V  [libjvm.so+0x984e0c]  JvmtiEnv::GetLocalObject(JavaThread*, int, int, _jobject**)+0x8c
V  [libjvm.so+0x93d001]  jvmti_GetLocalObject+0x1b1
C  [libjdwp.so+0x854c]  thisObject+0x19c
C  [libjdwp.so+0x1166c]  debugLoop_run+0x27c
C  [libjdwp.so+0x23895]  attachThread+0x25
V  [libjvm.so+0x9a41df]  JvmtiAgentThread::start_function_wrapper(JavaThread*, Thread*)+0xcf
V  [libjvm.so+0xcef338]  JavaThread::thread_main_inner()+0xd8
V  [libjvm.so+0xb6e132]  thread_native_entry(Thread*)+0xf2
C  [libpthread.so.0+0x76ba]  start_thread+0xca


siginfo: si_signo: 11 (SIGSEGV), si_code: 1 (SEGV_MAPERR), si_addr: 0x0000000000640063

Register to memory mapping:

RAX=0x00007fd2d597bf68 is pointing into metadata
RBX=0x00007fd2d41c2a80 is pointing into the stack for thread: 0x00007fd34031f800
RCX=0x0000000000000000 is an unknown value
RDX=0x000000000000000e is an unknown value
RSP=0x00007fd2d41c2810 is pointing into the stack for thread: 0x00007fd34031f800
RBP=0x00007fd2d41c2820 is pointing into the stack for thread: 0x00007fd34031f800
RSI=0x0000000000000000 is an unknown value
RDI=0x0000000000640063 is an unknown value
R8 =0x0000000000000000 is an unknown value
R9 =0x00007fd2d597c98e is pointing into metadata
R10=0x0000000000000000 is an unknown value
R11=0x0000000000000206 is an unknown value
R12=0x0000000000000000 is an unknown value
R13={method} {0x00007fd2d597c998} 'testContainsValue' '()V' in 'MyHashMapTest'
R14=0x00000000000000b0 is an unknown value
R15=0x00007fd2d41c2a80 is pointing into the stack for thread: 0x00007fd34031f800


Registers:
RAX=0x00007fd2d597bf68, RBX=0x00007fd2d41c2a80, RCX=0x0000000000000000, RDX=0x000000000000000e
RSP=0x00007fd2d41c2810, RBP=0x00007fd2d41c2820, RSI=0x0000000000000000, RDI=0x0000000000640063
R8 =0x0000000000000000, R9 =0x00007fd2d597c98e, R10=0x0000000000000000, R11=0x0000000000000206
R12=0x0000000000000000, R13=0x00007fd2d597c998, R14=0x00000000000000b0, R15=0x00007fd2d41c2a80
RIP=0x00007fd348b7fb39, EFLAGS=0x0000000000010246, CSGSFS=0x002b000000000033, ERR=0x0000000000000004
  TRAPNO=0x000000000000000e

Top of Stack: (sp=0x00007fd2d41c2810)
0x00007fd2d41c2810:   00007fd2d41c2a80 0000000000000000
0x00007fd2d41c2820:   00007fd2d41c28b0 00007fd34887d28b
0x00007fd2d41c2830:   0000000000000000 0000000000000000
0x00007fd2d41c2840:   0000000000000000 0000000000000000 

Instructions: (pc=0x00007fd348b7fb39)
0x00007fd348b7fb19:   ff ff 0f 1f 44 00 00 41 b8 0d 00 00 00 e9 54 fd
0x00007fd348b7fb29:   ff ff 90 0f 1f 40 00 55 31 f6 48 89 e5 41 54 53
0x00007fd348b7fb39:   44 0f b7 27 48 89 fb 41 8d 7c 24 01 48 63 ff e8
0x00007fd348b7fb49:   13 21 f7 ff 0f b7 13 44 39 e2 49 0f 4f d4 85 d2 


---------------  P R O C E S S  ---------------

Java Threads: ( => current thread )
  0x00007fd3403a0000 JavaThread "Service Thread" daemon [_thread_blocked, id=3580, stack(0x00007fd29fcfd000,0x00007fd29fdfe000)]
  0x00007fd298001000 JavaThread "JDWP Command Reader" daemon [_thread_in_native, id=3574, stack(0x00007fd29fdfe000,0x00007fd29feff000)]
  0x00007fd340323800 JavaThread "JDWP Event Helper Thread" daemon [_thread_blocked, id=3573, stack(0x00007fd29feff000,0x00007fd2a0000000)]
=>0x00007fd34031f800 JavaThread "JDWP Transport Listener: dt_socket" daemon [_thread_in_vm, id=3572, stack(0x00007fd2d40c3000,0x00007fd2d41c4000)]
  0x00007fd340278800 JavaThread "Common-Cleaner" daemon [_thread_blocked, id=3571, stack(0x00007fd2d43c8000,0x00007fd2d44c9000)]
  0x00007fd34023c000 JavaThread "Sweeper thread" daemon [_thread_blocked, id=3570, stack(0x00007fd2d48f1000,0x00007fd2d49f2000)]
  0x00007fd34023a800 JavaThread "C1 CompilerThread3" daemon [_thread_blocked, id=3569, stack(0x00007fd2d49f2000,0x00007fd2d4af3000)]
  0x00007fd340238800 JavaThread "C2 CompilerThread2" daemon [_thread_blocked, id=3568, stack(0x00007fd2d4af3000,0x00007fd2d4bf4000)]
  0x00007fd340236800 JavaThread "C2 CompilerThread1" daemon [_thread_blocked, id=3567, stack(0x00007fd2d4bf4000,0x00007fd2d4cf5000)]
  0x00007fd340234800 JavaThread "C2 CompilerThread0" daemon [_thread_blocked, id=3566, stack(0x00007fd2d4cf5000,0x00007fd2d4df6000)]
  0x00007fd340233000 JavaThread "Signal Dispatcher" daemon [_thread_blocked, id=3565, stack(0x00007fd2d4df6000,0x00007fd2d4ef7000)]
  0x00007fd340218800 JavaThread "Finalizer" daemon [_thread_blocked, id=3564, stack(0x00007fd2d4ef7000,0x00007fd2d4ff8000)]
  0x00007fd340210800 JavaThread "Reference Handler" daemon [_thread_blocked, id=3563, stack(0x00007fd2d4ff8000,0x00007fd2d50f9000)]
  0x00007fd340015800 JavaThread "main" [_thread_blocked, id=3541, stack(0x00007fd349f4b000,0x00007fd34a04b000)]

Other Threads:
  0x00007fd340206800 VMThread "VM Thread" [stack: 0x00007fd2d50fa000,0x00007fd2d51fa000] [id=3562]
  0x00007fd3403a3800 WatcherThread [stack: 0x00007fd29fbfd000,0x00007fd29fcfd000] [id=3581]
  0x00007fd34002d800 GCTaskThread "GC Thread#0" [stack: 0x00007fd345f24000,0x00007fd346024000] [id=3542]
  0x00007fd34002f000 GCTaskThread "GC Thread#1" [stack: 0x00007fd345e23000,0x00007fd345f23000] [id=3543]
  0x00007fd340030800 GCTaskThread "GC Thread#2" [stack: 0x00007fd345d22000,0x00007fd345e22000] [id=3544]
  0x00007fd340032800 GCTaskThread "GC Thread#3" [stack: 0x00007fd345c21000,0x00007fd345d21000] [id=3545]
  0x00007fd340034000 GCTaskThread "GC Thread#4" [stack: 0x00007fd345b20000,0x00007fd345c20000] [id=3546]
  0x00007fd340036000 GCTaskThread "GC Thread#5" [stack: 0x00007fd345a1f000,0x00007fd345b1f000] [id=3547]
  0x00007fd340037800 GCTaskThread "GC Thread#6" [stack: 0x00007fd34591e000,0x00007fd345a1e000] [id=3548]
  0x00007fd340039800 GCTaskThread "GC Thread#7" [stack: 0x00007fd34581d000,0x00007fd34591d000] [id=3549]
  0x00007fd340090000 ConcurrentGCThread "G1 Main Marker" [stack: 0x00007fd344512000,0x00007fd344612000] [id=3559]
  0x00007fd340091800 ConcurrentGCThread "G1 Marker#0" [stack: 0x00007fd344411000,0x00007fd344511000] [id=3560]
  0x00007fd340093800 ConcurrentGCThread "G1 Marker#1" [stack: 0x00007fd344310000,0x00007fd344410000] [id=3561]
  0x00007fd340048000 ConcurrentGCThread "G1 Refine#0" [stack: 0x00007fd34480d000,0x00007fd34490d000] [id=3557]
  0x00007fd340046000 ConcurrentGCThread "G1 Refine#1" [stack: 0x00007fd34490e000,0x00007fd344a0e000] [id=3556]
  0x00007fd340044800 ConcurrentGCThread "G1 Refine#2" [stack: 0x00007fd344a0f000,0x00007fd344b0f000] [id=3555]
  0x00007fd340042800 ConcurrentGCThread "G1 Refine#3" [stack: 0x00007fd344b10000,0x00007fd344c10000] [id=3554]
  0x00007fd340041000 ConcurrentGCThread "G1 Refine#4" [stack: 0x00007fd344c11000,0x00007fd344d11000] [id=3553]
  0x00007fd34003f000 ConcurrentGCThread "G1 Refine#5" [stack: 0x00007fd344d12000,0x00007fd344e12000] [id=3552]
  0x00007fd34003d800 ConcurrentGCThread "G1 Refine#6" [stack: 0x00007fd344e13000,0x00007fd344f13000] [id=3551]
  0x00007fd34003b800 ConcurrentGCThread "G1 Refine#7" [stack: 0x00007fd344f14000,0x00007fd345014000] [id=3550]
  0x00007fd340049800 ConcurrentGCThread "G1 Young RemSet Sampling" [stack: 0x00007fd34470c000,0x00007fd34480c000] [id=3558]

Threads with active compile tasks:

VM state:not at safepoint (normal execution)

VM Mutex/Monitor currently owned by a thread: None

Heap address: 0x00000006c7800000, size: 3976 MB, Compressed Oops mode: Zero based, Oop shift amount: 3
Narrow klass base: 0x0000000000000000, Narrow klass shift: 3
Compressed class space size: 1073741824 Address: 0x00000007c0000000

Heap:
 garbage-first heap   total 256000K, used 13312K [0x00000006c7800000, 0x00000006c79007d0, 0x00000007c0000000)
  region size 1024K, 14 young (14336K), 0 survivors (0K)
 Metaspace       used 9632K, capacity 10394K, committed 10624K, reserved 1058816K
  class space    used 965K, capacity 1097K, committed 1152K, reserved 1048576K
Heap Regions: E=young(eden), S=young(survivor), O=old, HS=humongous(starts), HC=humongous(continues), CS=collection set, F=free, A=archive, TS=gc time stamp, AC=allocation context, TAMS=top-at-mark-start (previous, next)
|   0|0x00000006c7800000, 0x00000006c7800000, 0x00000006c7900000|  0%| F|  |TS  0|AC  0|TAMS 0x00000006c7800000, 0x00000006c7800000|
|   1|0x00000006c7900000, 0x00000006c7900000, 0x00000006c7a00000|  0%| F|  |TS  0|AC  0|TAMS 0x00000006c7900000, 0x00000006c7900000|
|   2|0x00000006c7a00000, 0x00000006c7a00000, 0x00000006c7b00000|  0%| F|  |TS  0|AC  0|TAMS 0x00000006c7a00000, 0x00000006c7a00000|
|   3|0x00000006c7b00000, 0x00000006c7b00000, 0x00000006c7c00000|  0%| F|  |TS  0|AC  0|TAMS 0x00000006c7b00000, 0x00000006c7b00000|
|   4|0x00000006c7c00000, 0x00000006c7c00000, 0x00000006c7d00000|  0%| F|  |TS  0|AC  0|TAMS 0x00000006c7c00000, 0x00000006c7c00000|
|   5|0x00000006c7d00000, 0x00000006c7d00000, 0x00000006c7e00000|  0%| F|  |TS  0|AC  0|TAMS 0x00000006c7d00000, 0x00000006c7d00000|
|   6|0x00000006c7e00000, 0x00000006c7e00000, 0x00000006c7f00000|  0%| F|  |TS  0|AC  0|TAMS 0x00000006c7e00000, 0x00000006c7e00000|
|   7|0x00000006c7f00000, 0x00000006c7f00000, 0x00000006c8000000|  0%| F|  |TS  0|AC  0|TAMS 0x00000006c7f00000, 0x00000006c7f00000|
|   8|0x00000006c8000000, 0x00000006c8000000, 0x00000006c8100000|  0%| F|  |TS  0|AC  0|TAMS 0x00000006c8000000, 0x00000006c8000000|
|   9|0x00000006c8100000, 0x00000006c8100000, 0x00000006c8200000|  0%| F|  |TS  0|AC  0|TAMS 0x00000006c8100000, 0x00000006c8100000|
|  10|0x00000006c8200000, 0x00000006c8200000, 0x00000006c8300000|  0%| F|  |TS  0|AC  0|TAMS 0x00000006c8200000, 0x00000006c8200000|
|  11|0x00000006c8300000, 0x00000006c8300000, 0x00000006c8400000|  0%| F|  |TS  0|AC  0|TAMS 0x00000006c8300000, 0x00000006c8300000|
|  12|0x00000006c8400000, 0x00000006c8400000, 0x00000006c8500000|  0%| F|  |TS  0|AC  0|TAMS 0x00000006c8400000, 0x00000006c8400000|
|  13|0x00000006c8500000, 0x00000006c8500000, 0x00000006c8600000|  0%| F|  |TS  0|AC  0|TAMS 0x00000006c8500000, 0x00000006c8500000|
|  14|0x00000006c8600000, 0x00000006c8600000, 0x00000006c8700000|  0%| F|  |TS  0|AC  0|TAMS 0x00000006c8600000, 0x00000006c8600000|
|  15|0x00000006c8700000, 0x00000006c8700000, 0x00000006c8800000|  0%| F|  |TS  0|AC  0|TAMS 0x00000006c8700000, 0x00000006c8700000|
|  16|0x00000006c8800000, 0x00000006c8800000, 0x00000006c8900000|  0%| F|  |TS  0|AC  0|TAMS 0x00000006c8800000, 0x00000006c8800000|
|  17|0x00000006c8900000, 0x00000006c8900000, 0x00000006c8a00000|  0%| F|  |TS  0|AC  0|TAMS 0x00000006c8900000, 0x00000006c8900000|
|  18|0x00000006c8a00000, 0x00000006c8a00000, 0x00000006c8b00000|  0%| F|  |TS  0|AC  0|TAMS 0x00000006c8a00000, 0x00000006c8a00000|
|  19|0x00000006c8b00000, 0x00000006c8b00000, 0x00000006c8c00000|  0%| F|  |TS  0|AC  0|TAMS 0x00000006c8b00000, 0x00000006c8b00000|
|  20|0x00000006c8c00000, 0x00000006c8c00000, 0x00000006c8d00000|  0%| F|  |TS  0|AC  0|TAMS 0x00000006c8c00000, 0x00000006c8c00000|
|  21|0x00000006c8d00000, 0x00000006c8d00000, 0x00000006c8e00000|  0%| F|  |TS  0|AC  0|TAMS 0x00000006c8d00000, 0x00000006c8d00000|
|  22|0x00000006c8e00000, 0x00000006c8e00000, 0x00000006c8f00000|  0%| F|  |TS  0|AC  0|TAMS 0x00000006c8e00000, 0x00000006c8e00000|
|  23|0x00000006c8f00000, 0x00000006c8f00000, 0x00000006c9000000|  0%| F|  |TS  0|AC  0|TAMS 0x00000006c8f00000, 0x00000006c8f00000|
|  24|0x00000006c9000000, 0x00000006c9000000, 0x00000006c9100000|  0%| F|  |TS  0|AC  0|TAMS 0x00000006c9000000, 0x00000006c9000000|
|  25|0x00000006c9100000, 0x00000006c9100000, 0x00000006c9200000|  0%| F|  |TS  0|AC  0|TAMS 0x00000006c9100000, 0x00000006c9100000|
|  26|0x00000006c9200000, 0x00000006c9200000, 0x00000006c9300000|  0%| F|  |TS  0|AC  0|TAMS 0x00000006c9200000, 0x00000006c9200000|
|  27|0x00000006c9300000, 0x00000006c9300000, 0x00000006c9400000|  0%| F|  |TS  0|AC  0|TAMS 0x00000006c9300000, 0x00000006c9300000|
|  28|0x00000006c9400000, 0x00000006c9400000, 0x00000006c9500000|  0%| F|  |TS  0|AC  0|TAMS 0x00000006c9400000, 0x00000006c9400000|
|  29|0x00000006c9500000, 0x00000006c9500000, 0x00000006c9600000|  0%| F|  |TS  0|AC  0|TAMS 0x00000006c9500000, 0x00000006c9500000|
|  30|0x00000006c9600000, 0x00000006c9600000, 0x00000006c9700000|  0%| F|  |TS  0|AC  0|TAMS 0x00000006c9600000, 0x00000006c9600000|
|  31|0x00000006c9700000, 0x00000006c9700000, 0x00000006c9800000|  0%| F|  |TS  0|AC  0|TAMS 0x00000006c9700000, 0x00000006c9700000|
|  32|0x00000006c9800000, 0x00000006c9800000, 0x00000006c9900000|  0%| F|  |TS  0|AC  0|TAMS 0x00000006c9800000, 0x00000006c9800000|
|  33|0x00000006c9900000, 0x00000006c9900000, 0x00000006c9a00000|  0%| F|  |TS  0|AC  0|TAMS 0x00000006c9900000, 0x00000006c9900000|
|  34|0x00000006c9a00000, 0x00000006c9a00000, 0x00000006c9b00000|  0%| F|  |TS  0|AC  0|TAMS 0x00000006c9a00000, 0x00000006c9a00000|
|  35|0x00000006c9b00000, 0x00000006c9b00000, 0x00000006c9c00000|  0%| F|  |TS  0|AC  0|TAMS 0x00000006c9b00000, 0x00000006c9b00000|
|  36|0x00000006c9c00000, 0x00000006c9c00000, 0x00000006c9d00000|  0%| F|  |TS  0|AC  0|TAMS 0x00000006c9c00000, 0x00000006c9c00000|
|  37|0x00000006c9d00000, 0x00000006c9d00000, 0x00000006c9e00000|  0%| F|  |TS  0|AC  0|TAMS 0x00000006c9d00000, 0x00000006c9d00000|
|  38|0x00000006c9e00000, 0x00000006c9e00000, 0x00000006c9f00000|  0%| F|  |TS  0|AC  0|TAMS 0x00000006c9e00000, 0x00000006c9e00000|
|  39|0x00000006c9f00000, 0x00000006c9f00000, 0x00000006ca000000|  0%| F|  |TS  0|AC  0|TAMS 0x00000006c9f00000, 0x00000006c9f00000|
|  40|0x00000006ca000000, 0x00000006ca000000, 0x00000006ca100000|  0%| F|  |TS  0|AC  0|TAMS 0x00000006ca000000, 0x00000006ca000000|
|  41|0x00000006ca100000, 0x00000006ca100000, 0x00000006ca200000|  0%| F|  |TS  0|AC  0|TAMS 0x00000006ca100000, 0x00000006ca100000|
|  42|0x00000006ca200000, 0x00000006ca200000, 0x00000006ca300000|  0%| F|  |TS  0|AC  0|TAMS 0x00000006ca200000, 0x00000006ca200000|
|  43|0x00000006ca300000, 0x00000006ca300000, 0x00000006ca400000|  0%| F|  |TS  0|AC  0|TAMS 0x00000006ca300000, 0x00000006ca300000|
|  44|0x00000006ca400000, 0x00000006ca400000, 0x00000006ca500000|  0%| F|  |TS  0|AC  0|TAMS 0x00000006ca400000, 0x00000006ca400000|
|  45|0x00000006ca500000, 0x00000006ca500000, 0x00000006ca600000|  0%| F|  |TS  0|AC  0|TAMS 0x00000006ca500000, 0x00000006ca500000|
|  46|0x00000006ca600000, 0x00000006ca600000, 0x00000006ca700000|  0%| F|  |TS  0|AC  0|TAMS 0x00000006ca600000, 0x00000006ca600000|
|  47|0x00000006ca700000, 0x00000006ca700000, 0x00000006ca800000|  0%| F|  |TS  0|AC  0|TAMS 0x00000006ca700000, 0x00000006ca700000|
|  48|0x00000006ca800000, 0x00000006ca800000, 0x00000006ca900000|  0%| F|  |TS  0|AC  0|TAMS 0x00000006ca800000, 0x00000006ca800000|
|  49|0x00000006ca900000, 0x00000006ca900000, 0x00000006caa00000|  0%| F|  |TS  0|AC  0|TAMS 0x00000006ca900000, 0x00000006ca900000|
|  50|0x00000006caa00000, 0x00000006caa00000, 0x00000006cab00000|  0%| F|  |TS  0|AC  0|TAMS 0x00000006caa00000, 0x00000006caa00000|
|  51|0x00000006cab00000, 0x00000006cab00000, 0x00000006cac00000|  0%| F|  |TS  0|AC  0|TAMS 0x00000006cab00000, 0x00000006cab00000|
|  52|0x00000006cac00000, 0x00000006cac00000, 0x00000006cad00000|  0%| F|  |TS  0|AC  0|TAMS 0x00000006cac00000, 0x00000006cac00000|
|  53|0x00000006cad00000, 0x00000006cad00000, 0x00000006cae00000|  0%| F|  |TS  0|AC  0|TAMS 0x00000006cad00000, 0x00000006cad00000|
|  54|0x00000006cae00000, 0x00000006cae00000, 0x00000006caf00000|  0%| F|  |TS  0|AC  0|TAMS 0x00000006cae00000, 0x00000006cae00000|
|  55|0x00000006caf00000, 0x00000006caf00000, 0x00000006cb000000|  0%| F|  |TS  0|AC  0|TAMS 0x00000006caf00000, 0x00000006caf00000|
|  56|0x00000006cb000000, 0x00000006cb000000, 0x00000006cb100000|  0%| F|  |TS  0|AC  0|TAMS 0x00000006cb000000, 0x00000006cb000000|
|  57|0x00000006cb100000, 0x00000006cb100000, 0x00000006cb200000|  0%| F|  |TS  0|AC  0|TAMS 0x00000006cb100000, 0x00000006cb100000|
|  58|0x00000006cb200000, 0x00000006cb200000, 0x00000006cb300000|  0%| F|  |TS  0|AC  0|TAMS 0x00000006cb200000, 0x00000006cb200000|
|  59|0x00000006cb300000, 0x00000006cb300000, 0x00000006cb400000|  0%| F|  |TS  0|AC  0|TAMS 0x00000006cb300000, 0x00000006cb300000|
|  60|0x00000006cb400000, 0x00000006cb400000, 0x00000006cb500000|  0%| F|  |TS  0|AC  0|TAMS 0x00000006cb400000, 0x00000006cb400000|
|  61|0x00000006cb500000, 0x00000006cb500000, 0x00000006cb600000|  0%| F|  |TS  0|AC  0|TAMS 0x00000006cb500000, 0x00000006cb500000|
|  62|0x00000006cb600000, 0x00000006cb600000, 0x00000006cb700000|  0%| F|  |TS  0|AC  0|TAMS 0x00000006cb600000, 0x00000006cb600000|
|  63|0x00000006cb700000, 0x00000006cb700000, 0x00000006cb800000|  0%| F|  |TS  0|AC  0|TAMS 0x00000006cb700000, 0x00000006cb700000|
|  64|0x00000006cb800000, 0x00000006cb800000, 0x00000006cb900000|  0%| F|  |TS  0|AC  0|TAMS 0x00000006cb800000, 0x00000006cb800000|
|  65|0x00000006cb900000, 0x00000006cb900000, 0x00000006cba00000|  0%| F|  |TS  0|AC  0|TAMS 0x00000006cb900000, 0x00000006cb900000|
|  66|0x00000006cba00000, 0x00000006cba00000, 0x00000006cbb00000|  0%| F|  |TS  0|AC  0|TAMS 0x00000006cba00000, 0x00000006cba00000|
|  67|0x00000006cbb00000, 0x00000006cbb00000, 0x00000006cbc00000|  0%| F|  |TS  0|AC  0|TAMS 0x00000006cbb00000, 0x00000006cbb00000|
|  68|0x00000006cbc00000, 0x00000006cbc00000, 0x00000006cbd00000|  0%| F|  |TS  0|AC  0|TAMS 0x00000006cbc00000, 0x00000006cbc00000|
|  69|0x00000006cbd00000, 0x00000006cbd00000, 0x00000006cbe00000|  0%| F|  |TS  0|AC  0|TAMS 0x00000006cbd00000, 0x00000006cbd00000|
|  70|0x00000006cbe00000, 0x00000006cbe00000, 0x00000006cbf00000|  0%| F|  |TS  0|AC  0|TAMS 0x00000006cbe00000, 0x00000006cbe00000|
|  71|0x00000006cbf00000, 0x00000006cbf00000, 0x00000006cc000000|  0%| F|  |TS  0|AC  0|TAMS 0x00000006cbf00000, 0x00000006cbf00000|
|  72|0x00000006cc000000, 0x00000006cc000000, 0x00000006cc100000|  0%| F|  |TS  0|AC  0|TAMS 0x00000006cc000000, 0x00000006cc000000|
|  73|0x00000006cc100000, 0x00000006cc100000, 0x00000006cc200000|  0%| F|  |TS  0|AC  0|TAMS 0x00000006cc100000, 0x00000006cc100000|
|  74|0x00000006cc200000, 0x00000006cc200000, 0x00000006cc300000|  0%| F|  |TS  0|AC  0|TAMS 0x00000006cc200000, 0x00000006cc200000|
|  75|0x00000006cc300000, 0x00000006cc300000, 0x00000006cc400000|  0%| F|  |TS  0|AC  0|TAMS 0x00000006cc300000, 0x00000006cc300000|
|  76|0x00000006cc400000, 0x00000006cc400000, 0x00000006cc500000|  0%| F|  |TS  0|AC  0|TAMS 0x00000006cc400000, 0x00000006cc400000|
|  77|0x00000006cc500000, 0x00000006cc500000, 0x00000006cc600000|  0%| F|  |TS  0|AC  0|TAMS 0x00000006cc500000, 0x00000006cc500000|
|  78|0x00000006cc600000, 0x00000006cc600000, 0x00000006cc700000|  0%| F|  |TS  0|AC  0|TAMS 0x00000006cc600000, 0x00000006cc600000|
|  79|0x00000006cc700000, 0x00000006cc700000, 0x00000006cc800000|  0%| F|  |TS  0|AC  0|TAMS 0x00000006cc700000, 0x00000006cc700000|
|  80|0x00000006cc800000, 0x00000006cc800000, 0x00000006cc900000|  0%| F|  |TS  0|AC  0|TAMS 0x00000006cc800000, 0x00000006cc800000|
|  81|0x00000006cc900000, 0x00000006cc900000, 0x00000006cca00000|  0%| F|  |TS  0|AC  0|TAMS 0x00000006cc900000, 0x00000006cc900000|
|  82|0x00000006cca00000, 0x00000006cca00000, 0x00000006ccb00000|  0%| F|  |TS  0|AC  0|TAMS 0x00000006cca00000, 0x00000006cca00000|
|  83|0x00000006ccb00000, 0x00000006ccb00000, 0x00000006ccc00000|  0%| F|  |TS  0|AC  0|TAMS 0x00000006ccb00000, 0x00000006ccb00000|
|  84|0x00000006ccc00000, 0x00000006ccc00000, 0x00000006ccd00000|  0%| F|  |TS  0|AC  0|TAMS 0x00000006ccc00000, 0x00000006ccc00000|
|  85|0x00000006ccd00000, 0x00000006ccd00000, 0x00000006cce00000|  0%| F|  |TS  0|AC  0|TAMS 0x00000006ccd00000, 0x00000006ccd00000|
|  86|0x00000006cce00000, 0x00000006cce00000, 0x00000006ccf00000|  0%| F|  |TS  0|AC  0|TAMS 0x00000006cce00000, 0x00000006cce00000|
|  87|0x00000006ccf00000, 0x00000006ccf00000, 0x00000006cd000000|  0%| F|  |TS  0|AC  0|TAMS 0x00000006ccf00000, 0x00000006ccf00000|
|  88|0x00000006cd000000, 0x00000006cd000000, 0x00000006cd100000|  0%| F|  |TS  0|AC  0|TAMS 0x00000006cd000000, 0x00000006cd000000|
|  89|0x00000006cd100000, 0x00000006cd100000, 0x00000006cd200000|  0%| F|  |TS  0|AC  0|TAMS 0x00000006cd100000, 0x00000006cd100000|
|  90|0x00000006cd200000, 0x00000006cd200000, 0x00000006cd300000|  0%| F|  |TS  0|AC  0|TAMS 0x00000006cd200000, 0x00000006cd200000|
|  91|0x00000006cd300000, 0x00000006cd300000, 0x00000006cd400000|  0%| F|  |TS  0|AC  0|TAMS 0x00000006cd300000, 0x00000006cd300000|
|  92|0x00000006cd400000, 0x00000006cd400000, 0x00000006cd500000|  0%| F|  |TS  0|AC  0|TAMS 0x00000006cd400000, 0x00000006cd400000|
|  93|0x00000006cd500000, 0x00000006cd500000, 0x00000006cd600000|  0%| F|  |TS  0|AC  0|TAMS 0x00000006cd500000, 0x00000006cd500000|
|  94|0x00000006cd600000, 0x00000006cd600000, 0x00000006cd700000|  0%| F|  |TS  0|AC  0|TAMS 0x00000006cd600000, 0x00000006cd600000|
|  95|0x00000006cd700000, 0x00000006cd700000, 0x00000006cd800000|  0%| F|  |TS  0|AC  0|TAMS 0x00000006cd700000, 0x00000006cd700000|
|  96|0x00000006cd800000, 0x00000006cd800000, 0x00000006cd900000|  0%| F|  |TS  0|AC  0|TAMS 0x00000006cd800000, 0x00000006cd800000|
|  97|0x00000006cd900000, 0x00000006cd900000, 0x00000006cda00000|  0%| F|  |TS  0|AC  0|TAMS 0x00000006cd900000, 0x00000006cd900000|
|  98|0x00000006cda00000, 0x00000006cda00000, 0x00000006cdb00000|  0%| F|  |TS  0|AC  0|TAMS 0x00000006cda00000, 0x00000006cda00000|
|  99|0x00000006cdb00000, 0x00000006cdb00000, 0x00000006cdc00000|  0%| F|  |TS  0|AC  0|TAMS 0x00000006cdb00000, 0x00000006cdb00000|
| 100|0x00000006cdc00000, 0x00000006cdc00000, 0x00000006cdd00000|  0%| F|  |TS  0|AC  0|TAMS 0x00000006cdc00000, 0x00000006cdc00000|
| 101|0x00000006cdd00000, 0x00000006cdd00000, 0x00000006cde00000|  0%| F|  |TS  0|AC  0|TAMS 0x00000006cdd00000, 0x00000006cdd00000|
| 102|0x00000006cde00000, 0x00000006cde00000, 0x00000006cdf00000|  0%| F|  |TS  0|AC  0|TAMS 0x00000006cde00000, 0x00000006cde00000|
| 103|0x00000006cdf00000, 0x00000006cdf00000, 0x00000006ce000000|  0%| F|  |TS  0|AC  0|TAMS 0x00000006cdf00000, 0x00000006cdf00000|
| 104|0x00000006ce000000, 0x00000006ce000000, 0x00000006ce100000|  0%| F|  |TS  0|AC  0|TAMS 0x00000006ce000000, 0x00000006ce000000|
| 105|0x00000006ce100000, 0x00000006ce100000, 0x00000006ce200000|  0%| F|  |TS  0|AC  0|TAMS 0x00000006ce100000, 0x00000006ce100000|
| 106|0x00000006ce200000, 0x00000006ce200000, 0x00000006ce300000|  0%| F|  |TS  0|AC  0|TAMS 0x00000006ce200000, 0x00000006ce200000|
| 107|0x00000006ce300000, 0x00000006ce300000, 0x00000006ce400000|  0%| F|  |TS  0|AC  0|TAMS 0x00000006ce300000, 0x00000006ce300000|
| 108|0x00000006ce400000, 0x00000006ce400000, 0x00000006ce500000|  0%| F|  |TS  0|AC  0|TAMS 0x00000006ce400000, 0x00000006ce400000|
| 109|0x00000006ce500000, 0x00000006ce500000, 0x00000006ce600000|  0%| F|  |TS  0|AC  0|TAMS 0x00000006ce500000, 0x00000006ce500000|
| 110|0x00000006ce600000, 0x00000006ce600000, 0x00000006ce700000|  0%| F|  |TS  0|AC  0|TAMS 0x00000006ce600000, 0x00000006ce600000|
| 111|0x00000006ce700000, 0x00000006ce700000, 0x00000006ce800000|  0%| F|  |TS  0|AC  0|TAMS 0x00000006ce700000, 0x00000006ce700000|
| 112|0x00000006ce800000, 0x00000006ce800000, 0x00000006ce900000|  0%| F|  |TS  0|AC  0|TAMS 0x00000006ce800000, 0x00000006ce800000|
| 113|0x00000006ce900000, 0x00000006ce900000, 0x00000006cea00000|  0%| F|  |TS  0|AC  0|TAMS 0x00000006ce900000, 0x00000006ce900000|
| 114|0x00000006cea00000, 0x00000006cea00000, 0x00000006ceb00000|  0%| F|  |TS  0|AC  0|TAMS 0x00000006cea00000, 0x00000006cea00000|
| 115|0x00000006ceb00000, 0x00000006ceb00000, 0x00000006cec00000|  0%| F|  |TS  0|AC  0|TAMS 0x00000006ceb00000, 0x00000006ceb00000|
| 116|0x00000006cec00000, 0x00000006cec00000, 0x00000006ced00000|  0%| F|  |TS  0|AC  0|TAMS 0x00000006cec00000, 0x00000006cec00000|
| 117|0x00000006ced00000, 0x00000006ced00000, 0x00000006cee00000|  0%| F|  |TS  0|AC  0|TAMS 0x00000006ced00000, 0x00000006ced00000|
| 118|0x00000006cee00000, 0x00000006cee00000, 0x00000006cef00000|  0%| F|  |TS  0|AC  0|TAMS 0x00000006cee00000, 0x00000006cee00000|
| 119|0x00000006cef00000, 0x00000006cef00000, 0x00000006cf000000|  0%| F|  |TS  0|AC  0|TAMS 0x00000006cef00000, 0x00000006cef00000|
| 120|0x00000006cf000000, 0x00000006cf000000, 0x00000006cf100000|  0%| F|  |TS  0|AC  0|TAMS 0x00000006cf000000, 0x00000006cf000000|
| 121|0x00000006cf100000, 0x00000006cf100000, 0x00000006cf200000|  0%| F|  |TS  0|AC  0|TAMS 0x00000006cf100000, 0x00000006cf100000|
| 122|0x00000006cf200000, 0x00000006cf200000, 0x00000006cf300000|  0%| F|  |TS  0|AC  0|TAMS 0x00000006cf200000, 0x00000006cf200000|
| 123|0x00000006cf300000, 0x00000006cf300000, 0x00000006cf400000|  0%| F|  |TS  0|AC  0|TAMS 0x00000006cf300000, 0x00000006cf300000|
| 124|0x00000006cf400000, 0x00000006cf400000, 0x00000006cf500000|  0%| F|  |TS  0|AC  0|TAMS 0x00000006cf400000, 0x00000006cf400000|
| 125|0x00000006cf500000, 0x00000006cf500000, 0x00000006cf600000|  0%| F|  |TS  0|AC  0|TAMS 0x00000006cf500000, 0x00000006cf500000|
| 126|0x00000006cf600000, 0x00000006cf600000, 0x00000006cf700000|  0%| F|  |TS  0|AC  0|TAMS 0x00000006cf600000, 0x00000006cf600000|
| 127|0x00000006cf700000, 0x00000006cf700000, 0x00000006cf800000|  0%| F|  |TS  0|AC  0|TAMS 0x00000006cf700000, 0x00000006cf700000|
| 128|0x00000006cf800000, 0x00000006cf800000, 0x00000006cf900000|  0%| F|  |TS  0|AC  0|TAMS 0x00000006cf800000, 0x00000006cf800000|
| 129|0x00000006cf900000, 0x00000006cf900000, 0x00000006cfa00000|  0%| F|  |TS  0|AC  0|TAMS 0x00000006cf900000, 0x00000006cf900000|
| 130|0x00000006cfa00000, 0x00000006cfa00000, 0x00000006cfb00000|  0%| F|  |TS  0|AC  0|TAMS 0x00000006cfa00000, 0x00000006cfa00000|
| 131|0x00000006cfb00000, 0x00000006cfb00000, 0x00000006cfc00000|  0%| F|  |TS  0|AC  0|TAMS 0x00000006cfb00000, 0x00000006cfb00000|
| 132|0x00000006cfc00000, 0x00000006cfc00000, 0x00000006cfd00000|  0%| F|  |TS  0|AC  0|TAMS 0x00000006cfc00000, 0x00000006cfc00000|
| 133|0x00000006cfd00000, 0x00000006cfd00000, 0x00000006cfe00000|  0%| F|  |TS  0|AC  0|TAMS 0x00000006cfd00000, 0x00000006cfd00000|
| 134|0x00000006cfe00000, 0x00000006cfe00000, 0x00000006cff00000|  0%| F|  |TS  0|AC  0|TAMS 0x00000006cfe00000, 0x00000006cfe00000|
| 135|0x00000006cff00000, 0x00000006cff00000, 0x00000006d0000000|  0%| F|  |TS  0|AC  0|TAMS 0x00000006cff00000, 0x00000006cff00000|
| 136|0x00000006d0000000, 0x00000006d0000000, 0x00000006d0100000|  0%| F|  |TS  0|AC  0|TAMS 0x00000006d0000000, 0x00000006d0000000|
| 137|0x00000006d0100000, 0x00000006d0100000, 0x00000006d0200000|  0%| F|  |TS  0|AC  0|TAMS 0x00000006d0100000, 0x00000006d0100000|
| 138|0x00000006d0200000, 0x00000006d0200000, 0x00000006d0300000|  0%| F|  |TS  0|AC  0|TAMS 0x00000006d0200000, 0x00000006d0200000|
| 139|0x00000006d0300000, 0x00000006d0300000, 0x00000006d0400000|  0%| F|  |TS  0|AC  0|TAMS 0x00000006d0300000, 0x00000006d0300000|
| 140|0x00000006d0400000, 0x00000006d0400000, 0x00000006d0500000|  0%| F|  |TS  0|AC  0|TAMS 0x00000006d0400000, 0x00000006d0400000|
| 141|0x00000006d0500000, 0x00000006d0500000, 0x00000006d0600000|  0%| F|  |TS  0|AC  0|TAMS 0x00000006d0500000, 0x00000006d0500000|
| 142|0x00000006d0600000, 0x00000006d0600000, 0x00000006d0700000|  0%| F|  |TS  0|AC  0|TAMS 0x00000006d0600000, 0x00000006d0600000|
| 143|0x00000006d0700000, 0x00000006d0700000, 0x00000006d0800000|  0%| F|  |TS  0|AC  0|TAMS 0x00000006d0700000, 0x00000006d0700000|
| 144|0x00000006d0800000, 0x00000006d0800000, 0x00000006d0900000|  0%| F|  |TS  0|AC  0|TAMS 0x00000006d0800000, 0x00000006d0800000|
| 145|0x00000006d0900000, 0x00000006d0900000, 0x00000006d0a00000|  0%| F|  |TS  0|AC  0|TAMS 0x00000006d0900000, 0x00000006d0900000|
| 146|0x00000006d0a00000, 0x00000006d0a00000, 0x00000006d0b00000|  0%| F|  |TS  0|AC  0|TAMS 0x00000006d0a00000, 0x00000006d0a00000|
| 147|0x00000006d0b00000, 0x00000006d0b00000, 0x00000006d0c00000|  0%| F|  |TS  0|AC  0|TAMS 0x00000006d0b00000, 0x00000006d0b00000|
| 148|0x00000006d0c00000, 0x00000006d0c00000, 0x00000006d0d00000|  0%| F|  |TS  0|AC  0|TAMS 0x00000006d0c00000, 0x00000006d0c00000|
| 149|0x00000006d0d00000, 0x00000006d0d00000, 0x00000006d0e00000|  0%| F|  |TS  0|AC  0|TAMS 0x00000006d0d00000, 0x00000006d0d00000|
| 150|0x00000006d0e00000, 0x00000006d0e00000, 0x00000006d0f00000|  0%| F|  |TS  0|AC  0|TAMS 0x00000006d0e00000, 0x00000006d0e00000|
| 151|0x00000006d0f00000, 0x00000006d0f00000, 0x00000006d1000000|  0%| F|  |TS  0|AC  0|TAMS 0x00000006d0f00000, 0x00000006d0f00000|
| 152|0x00000006d1000000, 0x00000006d1000000, 0x00000006d1100000|  0%| F|  |TS  0|AC  0|TAMS 0x00000006d1000000, 0x00000006d1000000|
| 153|0x00000006d1100000, 0x00000006d1100000, 0x00000006d1200000|  0%| F|  |TS  0|AC  0|TAMS 0x00000006d1100000, 0x00000006d1100000|
| 154|0x00000006d1200000, 0x00000006d1200000, 0x00000006d1300000|  0%| F|  |TS  0|AC  0|TAMS 0x00000006d1200000, 0x00000006d1200000|
| 155|0x00000006d1300000, 0x00000006d1300000, 0x00000006d1400000|  0%| F|  |TS  0|AC  0|TAMS 0x00000006d1300000, 0x00000006d1300000|
| 156|0x00000006d1400000, 0x00000006d1400000, 0x00000006d1500000|  0%| F|  |TS  0|AC  0|TAMS 0x00000006d1400000, 0x00000006d1400000|
| 157|0x00000006d1500000, 0x00000006d1500000, 0x00000006d1600000|  0%| F|  |TS  0|AC  0|TAMS 0x00000006d1500000, 0x00000006d1500000|
| 158|0x00000006d1600000, 0x00000006d1600000, 0x00000006d1700000|  0%| F|  |TS  0|AC  0|TAMS 0x00000006d1600000, 0x00000006d1600000|
| 159|0x00000006d1700000, 0x00000006d1700000, 0x00000006d1800000|  0%| F|  |TS  0|AC  0|TAMS 0x00000006d1700000, 0x00000006d1700000|
| 160|0x00000006d1800000, 0x00000006d1800000, 0x00000006d1900000|  0%| F|  |TS  0|AC  0|TAMS 0x00000006d1800000, 0x00000006d1800000|
| 161|0x00000006d1900000, 0x00000006d1900000, 0x00000006d1a00000|  0%| F|  |TS  0|AC  0|TAMS 0x00000006d1900000, 0x00000006d1900000|
| 162|0x00000006d1a00000, 0x00000006d1a00000, 0x00000006d1b00000|  0%| F|  |TS  0|AC  0|TAMS 0x00000006d1a00000, 0x00000006d1a00000|
| 163|0x00000006d1b00000, 0x00000006d1b00000, 0x00000006d1c00000|  0%| F|  |TS  0|AC  0|TAMS 0x00000006d1b00000, 0x00000006d1b00000|
| 164|0x00000006d1c00000, 0x00000006d1c00000, 0x00000006d1d00000|  0%| F|  |TS  0|AC  0|TAMS 0x00000006d1c00000, 0x00000006d1c00000|
| 165|0x00000006d1d00000, 0x00000006d1d00000, 0x00000006d1e00000|  0%| F|  |TS  0|AC  0|TAMS 0x00000006d1d00000, 0x00000006d1d00000|
| 166|0x00000006d1e00000, 0x00000006d1e00000, 0x00000006d1f00000|  0%| F|  |TS  0|AC  0|TAMS 0x00000006d1e00000, 0x00000006d1e00000|
| 167|0x00000006d1f00000, 0x00000006d1f00000, 0x00000006d2000000|  0%| F|  |TS  0|AC  0|TAMS 0x00000006d1f00000, 0x00000006d1f00000|
| 168|0x00000006d2000000, 0x00000006d2000000, 0x00000006d2100000|  0%| F|  |TS  0|AC  0|TAMS 0x00000006d2000000, 0x00000006d2000000|
| 169|0x00000006d2100000, 0x00000006d2100000, 0x00000006d2200000|  0%| F|  |TS  0|AC  0|TAMS 0x00000006d2100000, 0x00000006d2100000|
| 170|0x00000006d2200000, 0x00000006d2200000, 0x00000006d2300000|  0%| F|  |TS  0|AC  0|TAMS 0x00000006d2200000, 0x00000006d2200000|
| 171|0x00000006d2300000, 0x00000006d2300000, 0x00000006d2400000|  0%| F|  |TS  0|AC  0|TAMS 0x00000006d2300000, 0x00000006d2300000|
| 172|0x00000006d2400000, 0x00000006d2400000, 0x00000006d2500000|  0%| F|  |TS  0|AC  0|TAMS 0x00000006d2400000, 0x00000006d2400000|
| 173|0x00000006d2500000, 0x00000006d2500000, 0x00000006d2600000|  0%| F|  |TS  0|AC  0|TAMS 0x00000006d2500000, 0x00000006d2500000|
| 174|0x00000006d2600000, 0x00000006d2600000, 0x00000006d2700000|  0%| F|  |TS  0|AC  0|TAMS 0x00000006d2600000, 0x00000006d2600000|
| 175|0x00000006d2700000, 0x00000006d2700000, 0x00000006d2800000|  0%| F|  |TS  0|AC  0|TAMS 0x00000006d2700000, 0x00000006d2700000|
| 176|0x00000006d2800000, 0x00000006d2800000, 0x00000006d2900000|  0%| F|  |TS  0|AC  0|TAMS 0x00000006d2800000, 0x00000006d2800000|
| 177|0x00000006d2900000, 0x00000006d2900000, 0x00000006d2a00000|  0%| F|  |TS  0|AC  0|TAMS 0x00000006d2900000, 0x00000006d2900000|
| 178|0x00000006d2a00000, 0x00000006d2a00000, 0x00000006d2b00000|  0%| F|  |TS  0|AC  0|TAMS 0x00000006d2a00000, 0x00000006d2a00000|
| 179|0x00000006d2b00000, 0x00000006d2b00000, 0x00000006d2c00000|  0%| F|  |TS  0|AC  0|TAMS 0x00000006d2b00000, 0x00000006d2b00000|
| 180|0x00000006d2c00000, 0x00000006d2c00000, 0x00000006d2d00000|  0%| F|  |TS  0|AC  0|TAMS 0x00000006d2c00000, 0x00000006d2c00000|
| 181|0x00000006d2d00000, 0x00000006d2d00000, 0x00000006d2e00000|  0%| F|  |TS  0|AC  0|TAMS 0x00000006d2d00000, 0x00000006d2d00000|
| 182|0x00000006d2e00000, 0x00000006d2e00000, 0x00000006d2f00000|  0%| F|  |TS  0|AC  0|TAMS 0x00000006d2e00000, 0x00000006d2e00000|
| 183|0x00000006d2f00000, 0x00000006d2f00000, 0x00000006d3000000|  0%| F|  |TS  0|AC  0|TAMS 0x00000006d2f00000, 0x00000006d2f00000|
| 184|0x00000006d3000000, 0x00000006d3000000, 0x00000006d3100000|  0%| F|  |TS  0|AC  0|TAMS 0x00000006d3000000, 0x00000006d3000000|
| 185|0x00000006d3100000, 0x00000006d3100000, 0x00000006d3200000|  0%| F|  |TS  0|AC  0|TAMS 0x00000006d3100000, 0x00000006d3100000|
| 186|0x00000006d3200000, 0x00000006d3200000, 0x00000006d3300000|  0%| F|  |TS  0|AC  0|TAMS 0x00000006d3200000, 0x00000006d3200000|
| 187|0x00000006d3300000, 0x00000006d3300000, 0x00000006d3400000|  0%| F|  |TS  0|AC  0|TAMS 0x00000006d3300000, 0x00000006d3300000|
| 188|0x00000006d3400000, 0x00000006d3400000, 0x00000006d3500000|  0%| F|  |TS  0|AC  0|TAMS 0x00000006d3400000, 0x00000006d3400000|
| 189|0x00000006d3500000, 0x00000006d3500000, 0x00000006d3600000|  0%| F|  |TS  0|AC  0|TAMS 0x00000006d3500000, 0x00000006d3500000|
| 190|0x00000006d3600000, 0x00000006d3600000, 0x00000006d3700000|  0%| F|  |TS  0|AC  0|TAMS 0x00000006d3600000, 0x00000006d3600000|
| 191|0x00000006d3700000, 0x00000006d3700000, 0x00000006d3800000|  0%| F|  |TS  0|AC  0|TAMS 0x00000006d3700000, 0x00000006d3700000|
| 192|0x00000006d3800000, 0x00000006d3800000, 0x00000006d3900000|  0%| F|  |TS  0|AC  0|TAMS 0x00000006d3800000, 0x00000006d3800000|
| 193|0x00000006d3900000, 0x00000006d3900000, 0x00000006d3a00000|  0%| F|  |TS  0|AC  0|TAMS 0x00000006d3900000, 0x00000006d3900000|
| 194|0x00000006d3a00000, 0x00000006d3a00000, 0x00000006d3b00000|  0%| F|  |TS  0|AC  0|TAMS 0x00000006d3a00000, 0x00000006d3a00000|
| 195|0x00000006d3b00000, 0x00000006d3b00000, 0x00000006d3c00000|  0%| F|  |TS  0|AC  0|TAMS 0x00000006d3b00000, 0x00000006d3b00000|
| 196|0x00000006d3c00000, 0x00000006d3c00000, 0x00000006d3d00000|  0%| F|  |TS  0|AC  0|TAMS 0x00000006d3c00000, 0x00000006d3c00000|
| 197|0x00000006d3d00000, 0x00000006d3d00000, 0x00000006d3e00000|  0%| F|  |TS  0|AC  0|TAMS 0x00000006d3d00000, 0x00000006d3d00000|
| 198|0x00000006d3e00000, 0x00000006d3e00000, 0x00000006d3f00000|  0%| F|  |TS  0|AC  0|TAMS 0x00000006d3e00000, 0x00000006d3e00000|
| 199|0x00000006d3f00000, 0x00000006d3f00000, 0x00000006d4000000|  0%| F|  |TS  0|AC  0|TAMS 0x00000006d3f00000, 0x00000006d3f00000|
| 200|0x00000006d4000000, 0x00000006d4000000, 0x00000006d4100000|  0%| F|  |TS  0|AC  0|TAMS 0x00000006d4000000, 0x00000006d4000000|
| 201|0x00000006d4100000, 0x00000006d4100000, 0x00000006d4200000|  0%| F|  |TS  0|AC  0|TAMS 0x00000006d4100000, 0x00000006d4100000|
| 202|0x00000006d4200000, 0x00000006d4200000, 0x00000006d4300000|  0%| F|  |TS  0|AC  0|TAMS 0x00000006d4200000, 0x00000006d4200000|
| 203|0x00000006d4300000, 0x00000006d4300000, 0x00000006d4400000|  0%| F|  |TS  0|AC  0|TAMS 0x00000006d4300000, 0x00000006d4300000|
| 204|0x00000006d4400000, 0x00000006d4400000, 0x00000006d4500000|  0%| F|  |TS  0|AC  0|TAMS 0x00000006d4400000, 0x00000006d4400000|
| 205|0x00000006d4500000, 0x00000006d4500000, 0x00000006d4600000|  0%| F|  |TS  0|AC  0|TAMS 0x00000006d4500000, 0x00000006d4500000|
| 206|0x00000006d4600000, 0x00000006d4600000, 0x00000006d4700000|  0%| F|  |TS  0|AC  0|TAMS 0x00000006d4600000, 0x00000006d4600000|
| 207|0x00000006d4700000, 0x00000006d4700000, 0x00000006d4800000|  0%| F|  |TS  0|AC  0|TAMS 0x00000006d4700000, 0x00000006d4700000|
| 208|0x00000006d4800000, 0x00000006d4800000, 0x00000006d4900000|  0%| F|  |TS  0|AC  0|TAMS 0x00000006d4800000, 0x00000006d4800000|
| 209|0x00000006d4900000, 0x00000006d4900000, 0x00000006d4a00000|  0%| F|  |TS  0|AC  0|TAMS 0x00000006d4900000, 0x00000006d4900000|
| 210|0x00000006d4a00000, 0x00000006d4a00000, 0x00000006d4b00000|  0%| F|  |TS  0|AC  0|TAMS 0x00000006d4a00000, 0x00000006d4a00000|
| 211|0x00000006d4b00000, 0x00000006d4b00000, 0x00000006d4c00000|  0%| F|  |TS  0|AC  0|TAMS 0x00000006d4b00000, 0x00000006d4b00000|
| 212|0x00000006d4c00000, 0x00000006d4c00000, 0x00000006d4d00000|  0%| F|  |TS  0|AC  0|TAMS 0x00000006d4c00000, 0x00000006d4c00000|
| 213|0x00000006d4d00000, 0x00000006d4d00000, 0x00000006d4e00000|  0%| F|  |TS  0|AC  0|TAMS 0x00000006d4d00000, 0x00000006d4d00000|
| 214|0x00000006d4e00000, 0x00000006d4e00000, 0x00000006d4f00000|  0%| F|  |TS  0|AC  0|TAMS 0x00000006d4e00000, 0x00000006d4e00000|
| 215|0x00000006d4f00000, 0x00000006d4f00000, 0x00000006d5000000|  0%| F|  |TS  0|AC  0|TAMS 0x00000006d4f00000, 0x00000006d4f00000|
| 216|0x00000006d5000000, 0x00000006d5000000, 0x00000006d5100000|  0%| F|  |TS  0|AC  0|TAMS 0x00000006d5000000, 0x00000006d5000000|
| 217|0x00000006d5100000, 0x00000006d5100000, 0x00000006d5200000|  0%| F|  |TS  0|AC  0|TAMS 0x00000006d5100000, 0x00000006d5100000|
| 218|0x00000006d5200000, 0x00000006d5200000, 0x00000006d5300000|  0%| F|  |TS  0|AC  0|TAMS 0x00000006d5200000, 0x00000006d5200000|
| 219|0x00000006d5300000, 0x00000006d5300000, 0x00000006d5400000|  0%| F|  |TS  0|AC  0|TAMS 0x00000006d5300000, 0x00000006d5300000|
| 220|0x00000006d5400000, 0x00000006d5400000, 0x00000006d5500000|  0%| F|  |TS  0|AC  0|TAMS 0x00000006d5400000, 0x00000006d5400000|
| 221|0x00000006d5500000, 0x00000006d5500000, 0x00000006d5600000|  0%| F|  |TS  0|AC  0|TAMS 0x00000006d5500000, 0x00000006d5500000|
| 222|0x00000006d5600000, 0x00000006d5600000, 0x00000006d5700000|  0%| F|  |TS  0|AC  0|TAMS 0x00000006d5600000, 0x00000006d5600000|
| 223|0x00000006d5700000, 0x00000006d5700000, 0x00000006d5800000|  0%| F|  |TS  0|AC  0|TAMS 0x00000006d5700000, 0x00000006d5700000|
| 224|0x00000006d5800000, 0x00000006d5800000, 0x00000006d5900000|  0%| F|  |TS  0|AC  0|TAMS 0x00000006d5800000, 0x00000006d5800000|
| 225|0x00000006d5900000, 0x00000006d5900000, 0x00000006d5a00000|  0%| F|  |TS  0|AC  0|TAMS 0x00000006d5900000, 0x00000006d5900000|
| 226|0x00000006d5a00000, 0x00000006d5a00000, 0x00000006d5b00000|  0%| F|  |TS  0|AC  0|TAMS 0x00000006d5a00000, 0x00000006d5a00000|
| 227|0x00000006d5b00000, 0x00000006d5b00000, 0x00000006d5c00000|  0%| F|  |TS  0|AC  0|TAMS 0x00000006d5b00000, 0x00000006d5b00000|
| 228|0x00000006d5c00000, 0x00000006d5c00000, 0x00000006d5d00000|  0%| F|  |TS  0|AC  0|TAMS 0x00000006d5c00000, 0x00000006d5c00000|
| 229|0x00000006d5d00000, 0x00000006d5d00000, 0x00000006d5e00000|  0%| F|  |TS  0|AC  0|TAMS 0x00000006d5d00000, 0x00000006d5d00000|
| 230|0x00000006d5e00000, 0x00000006d5e00000, 0x00000006d5f00000|  0%| F|  |TS  0|AC  0|TAMS 0x00000006d5e00000, 0x00000006d5e00000|
| 231|0x00000006d5f00000, 0x00000006d5f00000, 0x00000006d6000000|  0%| F|  |TS  0|AC  0|TAMS 0x00000006d5f00000, 0x00000006d5f00000|
| 232|0x00000006d6000000, 0x00000006d6000000, 0x00000006d6100000|  0%| F|  |TS  0|AC  0|TAMS 0x00000006d6000000, 0x00000006d6000000|
| 233|0x00000006d6100000, 0x00000006d6100000, 0x00000006d6200000|  0%| F|  |TS  0|AC  0|TAMS 0x00000006d6100000, 0x00000006d6100000|
| 234|0x00000006d6200000, 0x00000006d6200000, 0x00000006d6300000|  0%| F|  |TS  0|AC  0|TAMS 0x00000006d6200000, 0x00000006d6200000|
| 235|0x00000006d6300000, 0x00000006d6300000, 0x00000006d6400000|  0%| F|  |TS  0|AC  0|TAMS 0x00000006d6300000, 0x00000006d6300000|
| 236|0x00000006d6400000, 0x00000006d64f6650, 0x00000006d6500000| 96%| E|  |TS  0|AC  0|TAMS 0x00000006d6400000, 0x00000006d6400000|
| 237|0x00000006d6500000, 0x00000006d6600000, 0x00000006d6600000|100%| E|CS|TS  0|AC  0|TAMS 0x00000006d6500000, 0x00000006d6500000|
| 238|0x00000006d6600000, 0x00000006d6700000, 0x00000006d6700000|100%| E|CS|TS  0|AC  0|TAMS 0x00000006d6600000, 0x00000006d6600000|
| 239|0x00000006d6700000, 0x00000006d6800000, 0x00000006d6800000|100%| E|CS|TS  0|AC  0|TAMS 0x00000006d6700000, 0x00000006d6700000|
| 240|0x00000006d6800000, 0x00000006d6900000, 0x00000006d6900000|100%| E|CS|TS  0|AC  0|TAMS 0x00000006d6800000, 0x00000006d6800000|
| 241|0x00000006d6900000, 0x00000006d6a00000, 0x00000006d6a00000|100%| E|CS|TS  0|AC  0|TAMS 0x00000006d6900000, 0x00000006d6900000|
| 242|0x00000006d6a00000, 0x00000006d6b00000, 0x00000006d6b00000|100%| E|CS|TS  0|AC  0|TAMS 0x00000006d6a00000, 0x00000006d6a00000|
| 243|0x00000006d6b00000, 0x00000006d6c00000, 0x00000006d6c00000|100%| E|CS|TS  0|AC  0|TAMS 0x00000006d6b00000, 0x00000006d6b00000|
| 244|0x00000006d6c00000, 0x00000006d6d00000, 0x00000006d6d00000|100%| E|CS|TS  0|AC  0|TAMS 0x00000006d6c00000, 0x00000006d6c00000|
| 245|0x00000006d6d00000, 0x00000006d6e00000, 0x00000006d6e00000|100%| E|CS|TS  0|AC  0|TAMS 0x00000006d6d00000, 0x00000006d6d00000|
| 246|0x00000006d6e00000, 0x00000006d6f00000, 0x00000006d6f00000|100%| E|CS|TS  0|AC  0|TAMS 0x00000006d6e00000, 0x00000006d6e00000|
| 247|0x00000006d6f00000, 0x00000006d7000000, 0x00000006d7000000|100%| E|CS|TS  0|AC  0|TAMS 0x00000006d6f00000, 0x00000006d6f00000|
| 248|0x00000006d7000000, 0x00000006d7100000, 0x00000006d7100000|100%| E|CS|TS  0|AC  0|TAMS 0x00000006d7000000, 0x00000006d7000000|
| 249|0x00000006d7100000, 0x00000006d7200000, 0x00000006d7200000|100%| E|CS|TS  0|AC  0|TAMS 0x00000006d7100000, 0x00000006d7100000|

Card table byte_map: [0x00007fd3243f7000,0x00007fd324bbb000] byte_map_base: 0x00007fd320dbb000

Marking Bits (Prev, Next): (CMBitMap*) 0x00007fd34008f120, (CMBitMap*) 0x00007fd34008f158
 Prev Bits: [0x00007fd2dba1c000, 0x00007fd2df83c000)
 Next Bits: [0x00007fd2d7bfc000, 0x00007fd2dba1c000)

Polling page: 0x00007fd34a094000

CodeHeap 'non-profiled nmethods': size=120032Kb used=263Kb max_used=263Kb free=119768Kb
 bounds [0x00007fd32d60b000, 0x00007fd32d87b000, 0x00007fd334b43000]
CodeHeap 'profiled nmethods': size=120028Kb used=1539Kb max_used=1539Kb free=118488Kb
 bounds [0x00007fd3260d4000, 0x00007fd326344000, 0x00007fd32d60b000]
CodeHeap 'non-nmethods': size=5700Kb used=1191Kb max_used=1207Kb free=4508Kb
 bounds [0x00007fd325b43000, 0x00007fd325db3000, 0x00007fd3260d4000]
 total_blobs=1346 nmethods=867 adapters=258
 compilation: enabled

Compilation events (10 events):
Event: 1.035 Thread 0x00007fd34023a800 nmethod 863 0x00007fd326251b10 code [0x00007fd326251cc0, 0x00007fd326251e68]
Event: 1.035 Thread 0x00007fd34023a800  864       3       java.nio.charset.Charset::lookup (44 bytes)
Event: 1.035 Thread 0x00007fd34023a800 nmethod 864 0x00007fd326251f10 code [0x00007fd326252100, 0x00007fd326252608]
Event: 1.038 Thread 0x00007fd34023a800  865       3       java.lang.StringCoding::encodeUTF8 (434 bytes)
Event: 1.039 Thread 0x00007fd34023a800 nmethod 865 0x00007fd326252810 code [0x00007fd326252aa0, 0x00007fd326253c08]
Event: 1.040 Thread 0x00007fd34023a800  866       3       java.util.stream.ReferencePipeline$StatelessOp::<init> (29 bytes)
Event: 1.040 Thread 0x00007fd34023a800 nmethod 866 0x00007fd326254310 code [0x00007fd3262544c0, 0x00007fd3262546e8]
Event: 1.040 Thread 0x00007fd34023a800  867       3       java.util.stream.Sink$ChainedReference::end (10 bytes)
Event: 1.040 Thread 0x00007fd34023a800 nmethod 867 0x00007fd326254810 code [0x00007fd3262549c0, 0x00007fd326254be8]
Event: 1.050 Thread 0x00007fd340236800 nmethod 856 0x00007fd32d64b810 code [0x00007fd32d64ba20, 0x00007fd32d64c7a8]

GC Heap History (0 events):
No events

Deoptimization events (2 events):
Event: 0.898 Thread 0x00007fd340015800 Uncommon trap: reason=unstable_if action=reinterpret pc=0x00007fd32d63ace0 method=java.util.HashMap.getNode(ILjava/lang/Object;)Ljava/util/HashMap$Node; @ 129 c2
Event: 0.898 Thread 0x00007fd340015800 Uncommon trap: reason=unstable_if action=reinterpret pc=0x00007fd32d639b18 method=java.util.HashMap.getNode(ILjava/lang/Object;)Ljava/util/HashMap$Node; @ 129 c2

Classes redefined (3 events):
Event: 690.104 Thread 0x00007fd340206800 redefined class name=MyHashMapTest, count=1
Event: 1143.975 Thread 0x00007fd340206800 redefined class name=MyHashMapTest, count=2
Event: 1151.632 Thread 0x00007fd340206800 redefined class name=MyHashMapTest, count=3

Internal exceptions (10 events):
Event: 0.807 Thread 0x00007fd340015800 Exception <a 'java/lang/NoSuchMethodError'{0x00000006d68bfed0}: java.lang.invoke.DirectMethodHandle$Holder.invokeStaticInit(Ljava/lang/Object;Ljava/lang/Object;)I> (0x00000006d68bfed0) thrown at [/scratch/opt/mach5/mesos/work_dir/slaves/5af44a71-976a-41b7
Event: 0.849 Thread 0x00007fd340015800 Exception <a 'java/lang/NoSuchMethodError'{0x00000006d6736d20}: java.lang.Object.of([Ljava/lang/Object;)Ljava/util/stream/Stream;> (0x00000006d6736d20) thrown at [/scratch/opt/mach5/mesos/work_dir/slaves/5af44a71-976a-41b7-81de-5773b84ec572-S39643/framewo
Event: 0.909 Thread 0x00007fd340015800 Exception <a 'java/lang/NoSuchMethodError'{0x00000006d67ec198}: java.lang.invoke.DirectMethodHandle$Holder.invokeInterface(Ljava/lang/Object;Ljava/lang/Object;)V> (0x00000006d67ec198) thrown at [/scratch/opt/mach5/mesos/work_dir/slaves/5af44a71-976a-41b7-
Event: 0.910 Thread 0x00007fd340015800 Exception <a 'java/lang/IncompatibleClassChangeError'{0x00000006d67eeda0}: Found class java.lang.Object, but interface was expected> (0x00000006d67eeda0) thrown at [/scratch/opt/mach5/mesos/work_dir/slaves/5af44a71-976a-41b7-81de-5773b84ec572-S39643/frame
Event: 0.911 Thread 0x00007fd340015800 Exception <a 'java/lang/NoSuchMethodError'{0x00000006d67f3720}: java.lang.Object.lambda$accept$0(Lorg/junit/platform/engine/TestDescriptor$Visitor;Lorg/junit/platform/engine/TestDescriptor;)V> (0x00000006d67f3720) thrown at [/scratch/opt/mach5/mesos/work_
Event: 0.913 Thread 0x00007fd340015800 Exception <a 'java/lang/NoSuchMethodError'{0x00000006d67fa640}: java.lang.Object.containsTests(Lorg/junit/platform/engine/TestDescriptor;)Z> (0x00000006d67fa640) thrown at [/scratch/opt/mach5/mesos/work_dir/slaves/5af44a71-976a-41b7-81de-5773b84ec572-S396
Event: 0.917 Thread 0x00007fd340015800 Exception <a 'java/lang/NoSuchMethodError'{0x00000006d660d450}: java.lang.invoke.DirectMethodHandle$Holder.invokeSpecial(Ljava/lang/Object;Ljava/lang/Object;Ljava/lang/Object;Ljava/lang/Object;)V> (0x00000006d660d450) thrown at [/scratch/opt/mach5/mesos/w
Event: 0.969 Thread 0x00007fd340015800 Exception <a 'java/lang/NoSuchMethodError'{0x00000006d6552f80}: method resolution failed> (0x00000006d6552f80) thrown at [/scratch/opt/mach5/mesos/work_dir/slaves/5af44a71-976a-41b7-81de-5773b84ec572-S39643/frameworks/1735e8a2-a1db-478c-8104-60c8b0af87dd-
Event: 0.989 Thread 0x00007fd340015800 Exception <a 'java/lang/NoSuchMethodError'{0x00000006d65a7dd0}: java.lang.Object.lambda$andThen$1(Ljava/util/function/Function;Ljava/lang/Object;)Ljava/lang/Object;> (0x00000006d65a7dd0) thrown at [/scratch/opt/mach5/mesos/work_dir/slaves/5af44a71-976a-41
Event: 1.023 Thread 0x00007fd340015800 Exception <a 'java/lang/NoSuchMethodError'{0x00000006d6454bc8}: java.lang.invoke.DirectMethodHandle$Holder.invokeInterface(Ljava/lang/Object;Ljava/lang/Object;Ljava/lang/Object;)V> (0x00000006d6454bc8) thrown at [/scratch/opt/mach5/mesos/work_dir/slaves/5

Events (10 events):
Event: 1151.629 Executing VM operation: RedefineClasses
Event: 1151.633 Executing VM operation: RedefineClasses done
Event: 1151.633 Executing VM operation: GetFrameCount
Event: 1151.633 Executing VM operation: GetFrameCount done
Event: 1151.634 Executing VM operation: GetFrameCount
Event: 1151.634 Executing VM operation: GetFrameCount done
Event: 1151.634 Executing VM operation: GetFrameLocation
Event: 1151.634 Executing VM operation: GetFrameLocation done
Event: 1151.634 Executing VM operation: GetFrameLocation
Event: 1151.634 Executing VM operation: GetFrameLocation done


Dynamic libraries:
00400000-00401000 r-xp 00000000 103:06 3678002                           /usr/lib/jvm/java-9-oracle/bin/java
00600000-00601000 rw-p 00000000 103:06 3678002                           /usr/lib/jvm/java-9-oracle/bin/java
009c6000-009e7000 rw-p 00000000 00:00 0                                  [heap]
6c7800000-6d7200000 rw-p 00000000 00:00 0 
6d7200000-7c0000000 ---p 00000000 00:00 0 
7c0000000-7c0120000 rw-p 00000000 00:00 0 
7c0120000-800000000 ---p 00000000 00:00 0 
7fd284000000-7fd284021000 rw-p 00000000 00:00 0 
7fd284021000-7fd288000000 ---p 00000000 00:00 0 
7fd28c000000-7fd28c021000 rw-p 00000000 00:00 0 
7fd28c021000-7fd290000000 ---p 00000000 00:00 0 
7fd290000000-7fd290021000 rw-p 00000000 00:00 0 
7fd290021000-7fd294000000 ---p 00000000 00:00 0 
7fd294000000-7fd294027000 rw-p 00000000 00:00 0 
7fd294027000-7fd298000000 ---p 00000000 00:00 0 
7fd298000000-7fd29802f000 rw-p 00000000 00:00 0 
7fd29802f000-7fd29c000000 ---p 00000000 00:00 0 
7fd29f6ce000-7fd29fb3c000 rw-p 00000000 00:00 0 
7fd29fb3c000-7fd29fbfc000 ---p 00000000 00:00 0 
7fd29fbfc000-7fd29fbfd000 ---p 00000000 00:00 0 
7fd29fbfd000-7fd29fcfd000 rw-p 00000000 00:00 0 
7fd29fcfd000-7fd29fd01000 ---p 00000000 00:00 0 
7fd29fd01000-7fd29fdfe000 rw-p 00000000 00:00 0 
7fd29fdfe000-7fd29fe02000 ---p 00000000 00:00 0 
7fd29fe02000-7fd29feff000 rw-p 00000000 00:00 0 
7fd29feff000-7fd29ff03000 ---p 00000000 00:00 0 
7fd29ff03000-7fd2a0000000 rw-p 00000000 00:00 0 
7fd2a0000000-7fd2a0021000 rw-p 00000000 00:00 0 
7fd2a0021000-7fd2a4000000 ---p 00000000 00:00 0 
7fd2a4000000-7fd2a4021000 rw-p 00000000 00:00 0 
7fd2a4021000-7fd2a8000000 ---p 00000000 00:00 0 
7fd2a8000000-7fd2a8182000 rw-p 00000000 00:00 0 
7fd2a8182000-7fd2ac000000 ---p 00000000 00:00 0 
7fd2ac000000-7fd2ac24b000 rw-p 00000000 00:00 0 
7fd2ac24b000-7fd2b0000000 ---p 00000000 00:00 0 
7fd2b0000000-7fd2b00b6000 rw-p 00000000 00:00 0 
7fd2b00b6000-7fd2b4000000 ---p 00000000 00:00 0 
7fd2b4000000-7fd2b4154000 rw-p 00000000 00:00 0 
7fd2b4154000-7fd2b8000000 ---p 00000000 00:00 0 
7fd2b8000000-7fd2b8021000 rw-p 00000000 00:00 0 
7fd2b8021000-7fd2bc000000 ---p 00000000 00:00 0 
7fd2bc000000-7fd2bc021000 rw-p 00000000 00:00 0 
7fd2bc021000-7fd2c0000000 ---p 00000000 00:00 0 
7fd2c0000000-7fd2c0060000 rw-p 00000000 00:00 0 
7fd2c0060000-7fd2c4000000 ---p 00000000 00:00 0 
7fd2c4000000-7fd2c4021000 rw-p 00000000 00:00 0 
7fd2c4021000-7fd2c8000000 ---p 00000000 00:00 0 
7fd2c8000000-7fd2c8021000 rw-p 00000000 00:00 0 
7fd2c8021000-7fd2cc000000 ---p 00000000 00:00 0 
7fd2cc000000-7fd2cc021000 rw-p 00000000 00:00 0 
7fd2cc021000-7fd2d0000000 ---p 00000000 00:00 0 
7fd2d0000000-7fd2d0021000 rw-p 00000000 00:00 0 
7fd2d0021000-7fd2d4000000 ---p 00000000 00:00 0 
7fd2d40c3000-7fd2d40c7000 ---p 00000000 00:00 0 
7fd2d40c7000-7fd2d41c4000 rw-p 00000000 00:00 0 
7fd2d41c4000-7fd2d41c8000 r-xp 00000000 103:06 3682721                   /usr/lib/jvm/java-9-oracle/lib/libdt_socket.so
7fd2d41c8000-7fd2d43c7000 ---p 00004000 103:06 3682721                   /usr/lib/jvm/java-9-oracle/lib/libdt_socket.so
7fd2d43c7000-7fd2d43c8000 rw-p 00003000 103:06 3682721                   /usr/lib/jvm/java-9-oracle/lib/libdt_socket.so
7fd2d43c8000-7fd2d43cc000 ---p 00000000 00:00 0 
7fd2d43cc000-7fd2d44c9000 rw-p 00000000 00:00 0 
7fd2d44c9000-7fd2d44df000 r-xp 00000000 103:06 3678082                   /usr/lib/jvm/java-9-oracle/lib/libnet.so
7fd2d44df000-7fd2d46df000 ---p 00016000 103:06 3678082                   /usr/lib/jvm/java-9-oracle/lib/libnet.so
7fd2d46df000-7fd2d46e0000 rw-p 00016000 103:06 3678082                   /usr/lib/jvm/java-9-oracle/lib/libnet.so
7fd2d46e0000-7fd2d46f0000 r-xp 00000000 103:06 3682723                   /usr/lib/jvm/java-9-oracle/lib/libnio.so
7fd2d46f0000-7fd2d48f0000 ---p 00010000 103:06 3682723                   /usr/lib/jvm/java-9-oracle/lib/libnio.so
7fd2d48f0000-7fd2d48f1000 rw-p 00010000 103:06 3682723                   /usr/lib/jvm/java-9-oracle/lib/libnio.so
7fd2d48f1000-7fd2d48f5000 ---p 00000000 00:00 0 
7fd2d48f5000-7fd2d49f2000 rw-p 00000000 00:00 0 
7fd2d49f2000-7fd2d49f6000 ---p 00000000 00:00 0 
7fd2d49f6000-7fd2d4af3000 rw-p 00000000 00:00 0 
7fd2d4af3000-7fd2d4af7000 ---p 00000000 00:00 0 
7fd2d4af7000-7fd2d4bf4000 rw-p 00000000 00:00 0 
7fd2d4bf4000-7fd2d4bf8000 ---p 00000000 00:00 0 
7fd2d4bf8000-7fd2d4cf5000 rw-p 00000000 00:00 0 
7fd2d4cf5000-7fd2d4cf9000 ---p 00000000 00:00 0 
7fd2d4cf9000-7fd2d4df6000 rw-p 00000000 00:00 0 
7fd2d4df6000-7fd2d4dfa000 ---p 00000000 00:00 0 
7fd2d4dfa000-7fd2d4ef7000 rw-p 00000000 00:00 0 
7fd2d4ef7000-7fd2d4efb000 ---p 00000000 00:00 0 
7fd2d4efb000-7fd2d4ff8000 rw-p 00000000 00:00 0 
7fd2d4ff8000-7fd2d4ffc000 ---p 00000000 00:00 0 
7fd2d4ffc000-7fd2d50f9000 rw-p 00000000 00:00 0 
7fd2d50f9000-7fd2d50fa000 ---p 00000000 00:00 0 
7fd2d50fa000-7fd2d59fa000 rw-p 00000000 00:00 0 
7fd2d59fa000-7fd2d5bfc000 rw-p 00000000 00:00 0 
7fd2d5bfc000-7fd2d7bfc000 rwxp 00000000 00:00 0 
7fd2d7bfc000-7fd2d7fe4000 rw-p 00000000 00:00 0 
7fd2d7fe4000-7fd2dba1c000 ---p 00000000 00:00 0 
7fd2dba1c000-7fd2dbe04000 rw-p 00000000 00:00 0 
7fd2dbe04000-7fd2df83c000 ---p 00000000 00:00 0 
7fd2df83c000-7fd2df8b9000 rw-p 00000000 00:00 0 
7fd2df8b9000-7fd2e0000000 ---p 00000000 00:00 0 
7fd2e0000000-7fd2e0021000 rw-p 00000000 00:00 0 
7fd2e0021000-7fd2e4000000 ---p 00000000 00:00 0 
7fd2e4000000-7fd2e4021000 rw-p 00000000 00:00 0 
7fd2e4021000-7fd2e8000000 ---p 00000000 00:00 0 
7fd2e8000000-7fd2e8021000 rw-p 00000000 00:00 0 
7fd2e8021000-7fd2ec000000 ---p 00000000 00:00 0 
7fd2ec000000-7fd2ec021000 rw-p 00000000 00:00 0 
7fd2ec021000-7fd2f0000000 ---p 00000000 00:00 0 
7fd2f0000000-7fd2f0021000 rw-p 00000000 00:00 0 
7fd2f0021000-7fd2f4000000 ---p 00000000 00:00 0 
7fd2f4000000-7fd2f4021000 rw-p 00000000 00:00 0 
7fd2f4021000-7fd2f8000000 ---p 00000000 00:00 0 
7fd2f8000000-7fd2f8021000 rw-p 00000000 00:00 0 
7fd2f8021000-7fd2fc000000 ---p 00000000 00:00 0 
7fd2fc000000-7fd2fc021000 rw-p 00000000 00:00 0 
7fd2fc021000-7fd300000000 ---p 00000000 00:00 0 
7fd300000000-7fd300021000 rw-p 00000000 00:00 0 
7fd300021000-7fd304000000 ---p 00000000 00:00 0 
7fd304000000-7fd304021000 rw-p 00000000 00:00 0 
7fd304021000-7fd308000000 ---p 00000000 00:00 0 
7fd308000000-7fd308021000 rw-p 00000000 00:00 0 
7fd308021000-7fd30c000000 ---p 00000000 00:00 0 
7fd30c000000-7fd30c021000 rw-p 00000000 00:00 0 
7fd30c021000-7fd310000000 ---p 00000000 00:00 0 
7fd310000000-7fd310021000 rw-p 00000000 00:00 0 
7fd310021000-7fd314000000 ---p 00000000 00:00 0 
7fd314000000-7fd314021000 rw-p 00000000 00:00 0 
7fd314021000-7fd318000000 ---p 00000000 00:00 0 
7fd318000000-7fd318021000 rw-p 00000000 00:00 0 
7fd318021000-7fd31c000000 ---p 00000000 00:00 0 
7fd31c000000-7fd31c021000 rw-p 00000000 00:00 0 
7fd31c021000-7fd320000000 ---p 00000000 00:00 0 
7fd320000000-7fd320021000 rw-p 00000000 00:00 0 
7fd320021000-7fd324000000 ---p 00000000 00:00 0 
7fd324023000-7fd324474000 rw-p 00000000 00:00 0 
7fd324474000-7fd32537f000 ---p 00000000 00:00 0 
7fd32537f000-7fd3253fc000 rw-p 00000000 00:00 0 
7fd3253fc000-7fd325b43000 ---p 00000000 00:00 0 
7fd325b43000-7fd325db3000 rwxp 00000000 00:00 0 
7fd325db3000-7fd3260d4000 ---p 00000000 00:00 0 
7fd3260d4000-7fd326344000 rwxp 00000000 00:00 0 
7fd326344000-7fd32d60b000 ---p 00000000 00:00 0 
7fd32d60b000-7fd32d87b000 rwxp 00000000 00:00 0 
7fd32d87b000-7fd334b43000 ---p 00000000 00:00 0 
7fd334b43000-7fd340000000 r--s 00000000 103:06 3682527                   /usr/lib/jvm/java-9-oracle/lib/modules
7fd340000000-7fd3404eb000 rw-p 00000000 00:00 0 
7fd3404eb000-7fd344000000 ---p 00000000 00:00 0 
7fd34400c000-7fd34430f000 rw-p 00000000 00:00 0 
7fd34430f000-7fd344310000 ---p 00000000 00:00 0 
7fd344310000-7fd344410000 rw-p 00000000 00:00 0 
7fd344410000-7fd344411000 ---p 00000000 00:00 0 
7fd344411000-7fd344511000 rw-p 00000000 00:00 0 
7fd344511000-7fd344512000 ---p 00000000 00:00 0 
7fd344512000-7fd34470b000 rw-p 00000000 00:00 0 
7fd34470b000-7fd34470c000 ---p 00000000 00:00 0 
7fd34470c000-7fd34480c000 rw-p 00000000 00:00 0 
7fd34480c000-7fd34480d000 ---p 00000000 00:00 0 
7fd34480d000-7fd34490d000 rw-p 00000000 00:00 0 
7fd34490d000-7fd34490e000 ---p 00000000 00:00 0 
7fd34490e000-7fd344a0e000 rw-p 00000000 00:00 0 
7fd344a0e000-7fd344a0f000 ---p 00000000 00:00 0 
7fd344a0f000-7fd344b0f000 rw-p 00000000 00:00 0 
7fd344b0f000-7fd344b10000 ---p 00000000 00:00 0 
7fd344b10000-7fd344c10000 rw-p 00000000 00:00 0 
7fd344c10000-7fd344c11000 ---p 00000000 00:00 0 
7fd344c11000-7fd344d11000 rw-p 00000000 00:00 0 
7fd344d11000-7fd344d12000 ---p 00000000 00:00 0 
7fd344d12000-7fd344e12000 rw-p 00000000 00:00 0 
7fd344e12000-7fd344e13000 ---p 00000000 00:00 0 
7fd344e13000-7fd344f13000 rw-p 00000000 00:00 0 
7fd344f13000-7fd344f14000 ---p 00000000 00:00 0 
7fd344f14000-7fd34581c000 rw-p 00000000 00:00 0 
7fd34581c000-7fd34581d000 ---p 00000000 00:00 0 
7fd34581d000-7fd34591d000 rw-p 00000000 00:00 0 
7fd34591d000-7fd34591e000 ---p 00000000 00:00 0 
7fd34591e000-7fd345a1e000 rw-p 00000000 00:00 0 
7fd345a1e000-7fd345a1f000 ---p 00000000 00:00 0 
7fd345a1f000-7fd345b1f000 rw-p 00000000 00:00 0 
7fd345b1f000-7fd345b20000 ---p 00000000 00:00 0 
7fd345b20000-7fd345c20000 rw-p 00000000 00:00 0 
7fd345c20000-7fd345c21000 ---p 00000000 00:00 0 
7fd345c21000-7fd345d21000 rw-p 00000000 00:00 0 
7fd345d21000-7fd345d22000 ---p 00000000 00:00 0 
7fd345d22000-7fd345e22000 rw-p 00000000 00:00 0 
7fd345e22000-7fd345e23000 ---p 00000000 00:00 0 
7fd345e23000-7fd345f23000 rw-p 00000000 00:00 0 
7fd345f23000-7fd345f24000 ---p 00000000 00:00 0 
7fd345f24000-7fd346029000 rw-p 00000000 00:00 0 
7fd346029000-7fd34610f000 ---p 00000000 00:00 0 
7fd34610f000-7fd346114000 rw-p 00000000 00:00 0 
7fd346114000-7fd3461fa000 ---p 00000000 00:00 0 
7fd3461fa000-7fd346214000 r-xp 00000000 103:06 3678039                   /usr/lib/jvm/java-9-oracle/lib/libjimage.so
7fd346214000-7fd346413000 ---p 0001a000 103:06 3678039                   /usr/lib/jvm/java-9-oracle/lib/libjimage.so
7fd346413000-7fd346415000 rw-p 00019000 103:06 3678039                   /usr/lib/jvm/java-9-oracle/lib/libjimage.so
7fd346415000-7fd346427000 rw-p 00000000 00:00 0 
7fd346427000-7fd34642e000 r-xp 00000000 103:06 3682731                   /usr/lib/jvm/java-9-oracle/lib/libzip.so
7fd34642e000-7fd34662d000 ---p 00007000 103:06 3682731                   /usr/lib/jvm/java-9-oracle/lib/libzip.so
7fd34662d000-7fd34662e000 rw-p 00006000 103:06 3682731                   /usr/lib/jvm/java-9-oracle/lib/libzip.so
7fd34662e000-7fd346639000 r-xp 00000000 103:06 1062974                   /lib/x86_64-linux-gnu/libnss_files-2.23.so
7fd346639000-7fd346838000 ---p 0000b000 103:06 1062974                   /lib/x86_64-linux-gnu/libnss_files-2.23.so
7fd346838000-7fd346839000 r--p 0000a000 103:06 1062974                   /lib/x86_64-linux-gnu/libnss_files-2.23.so
7fd346839000-7fd34683a000 rw-p 0000b000 103:06 1062974                   /lib/x86_64-linux-gnu/libnss_files-2.23.so
7fd34683a000-7fd346840000 rw-p 00000000 00:00 0 
7fd346840000-7fd34684b000 r-xp 00000000 103:06 1062979                   /lib/x86_64-linux-gnu/libnss_nis-2.23.so
7fd34684b000-7fd346a4a000 ---p 0000b000 103:06 1062979                   /lib/x86_64-linux-gnu/libnss_nis-2.23.so
7fd346a4a000-7fd346a4b000 r--p 0000a000 103:06 1062979                   /lib/x86_64-linux-gnu/libnss_nis-2.23.so
7fd346a4b000-7fd346a4c000 rw-p 0000b000 103:06 1062979                   /lib/x86_64-linux-gnu/libnss_nis-2.23.so
7fd346a4c000-7fd346a62000 r-xp 00000000 103:06 1053681                   /lib/x86_64-linux-gnu/libnsl-2.23.so
7fd346a62000-7fd346c61000 ---p 00016000 103:06 1053681                   /lib/x86_64-linux-gnu/libnsl-2.23.so
7fd346c61000-7fd346c62000 r--p 00015000 103:06 1053681                   /lib/x86_64-linux-gnu/libnsl-2.23.so
7fd346c62000-7fd346c63000 rw-p 00016000 103:06 1053681                   /lib/x86_64-linux-gnu/libnsl-2.23.so
7fd346c63000-7fd346c65000 rw-p 00000000 00:00 0 
7fd346c65000-7fd346c6d000 r-xp 00000000 103:06 1062967                   /lib/x86_64-linux-gnu/libnss_compat-2.23.so
7fd346c6d000-7fd346e6c000 ---p 00008000 103:06 1062967                   /lib/x86_64-linux-gnu/libnss_compat-2.23.so
7fd346e6c000-7fd346e6d000 r--p 00007000 103:06 1062967                   /lib/x86_64-linux-gnu/libnss_compat-2.23.so
7fd346e6d000-7fd346e6e000 rw-p 00008000 103:06 1062967                   /lib/x86_64-linux-gnu/libnss_compat-2.23.so
7fd346e6e000-7fd347146000 r--p 00000000 103:06 3439741                   /usr/lib/locale/locale-archive
7fd347146000-7fd347150000 r-xp 00000000 103:06 3678073                   /usr/lib/jvm/java-9-oracle/lib/libinstrument.so
7fd347150000-7fd34734f000 ---p 0000a000 103:06 3678073                   /usr/lib/jvm/java-9-oracle/lib/libinstrument.so
7fd34734f000-7fd347350000 rw-p 00009000 103:06 3678073                   /usr/lib/jvm/java-9-oracle/lib/libinstrument.so
7fd347350000-7fd34738b000 r-xp 00000000 103:06 3682715                   /usr/lib/jvm/java-9-oracle/lib/libjdwp.so
7fd34738b000-7fd34758a000 ---p 0003b000 103:06 3682715                   /usr/lib/jvm/java-9-oracle/lib/libjdwp.so
7fd34758a000-7fd34758b000 rw-p 0003a000 103:06 3682715                   /usr/lib/jvm/java-9-oracle/lib/libjdwp.so
7fd34758b000-7fd34758c000 rw-p 00000000 00:00 0 
7fd34758c000-7fd3475b7000 r-xp 00000000 103:06 3678075                   /usr/lib/jvm/java-9-oracle/lib/libjava.so
7fd3475b7000-7fd3477b6000 ---p 0002b000 103:06 3678075                   /usr/lib/jvm/java-9-oracle/lib/libjava.so
7fd3477b6000-7fd3477b8000 rw-p 0002a000 103:06 3678075                   /usr/lib/jvm/java-9-oracle/lib/libjava.so
7fd3477b8000-7fd3477c5000 r-xp 00000000 103:06 3682511                   /usr/lib/jvm/java-9-oracle/lib/libverify.so
7fd3477c5000-7fd3479c4000 ---p 0000d000 103:06 3682511                   /usr/lib/jvm/java-9-oracle/lib/libverify.so
7fd3479c4000-7fd3479c6000 rw-p 0000c000 103:06 3682511                   /usr/lib/jvm/java-9-oracle/lib/libverify.so
7fd3479c6000-7fd3479cd000 r-xp 00000000 103:06 1062982                   /lib/x86_64-linux-gnu/librt-2.23.so
7fd3479cd000-7fd347bcc000 ---p 00007000 103:06 1062982                   /lib/x86_64-linux-gnu/librt-2.23.so
7fd347bcc000-7fd347bcd000 r--p 00006000 103:06 1062982                   /lib/x86_64-linux-gnu/librt-2.23.so
7fd347bcd000-7fd347bce000 rw-p 00007000 103:06 1062982                   /lib/x86_64-linux-gnu/librt-2.23.so
7fd347bce000-7fd347cd6000 r-xp 00000000 103:06 1053576                   /lib/x86_64-linux-gnu/libm-2.23.so
7fd347cd6000-7fd347ed5000 ---p 00108000 103:06 1053576                   /lib/x86_64-linux-gnu/libm-2.23.so
7fd347ed5000-7fd347ed6000 r--p 00107000 103:06 1053576                   /lib/x86_64-linux-gnu/libm-2.23.so
7fd347ed6000-7fd347ed7000 rw-p 00108000 103:06 1053576                   /lib/x86_64-linux-gnu/libm-2.23.so
7fd347ed7000-7fd348eec000 r-xp 00000000 103:06 3682751                   /usr/lib/jvm/java-9-oracle/lib/server/libjvm.so
7fd348eec000-7fd3490eb000 ---p 01015000 103:06 3682751                   /usr/lib/jvm/java-9-oracle/lib/server/libjvm.so
7fd3490eb000-7fd3491bc000 r--p 01014000 103:06 3682751                   /usr/lib/jvm/java-9-oracle/lib/server/libjvm.so
7fd3491bc000-7fd3491f3000 rw-p 010e5000 103:06 3682751                   /usr/lib/jvm/java-9-oracle/lib/server/libjvm.so
7fd3491f3000-7fd34925c000 rw-p 00000000 00:00 0 
7fd34925c000-7fd34941c000 r-xp 00000000 103:06 1062959                   /lib/x86_64-linux-gnu/libc-2.23.so
7fd34941c000-7fd34961c000 ---p 001c0000 103:06 1062959                   /lib/x86_64-linux-gnu/libc-2.23.so
7fd34961c000-7fd349620000 r--p 001c0000 103:06 1062959                   /lib/x86_64-linux-gnu/libc-2.23.so
7fd349620000-7fd349622000 rw-p 001c4000 103:06 1062959                   /lib/x86_64-linux-gnu/libc-2.23.so
7fd349622000-7fd349626000 rw-p 00000000 00:00 0 
7fd349626000-7fd349629000 r-xp 00000000 103:06 1062961                   /lib/x86_64-linux-gnu/libdl-2.23.so
7fd349629000-7fd349828000 ---p 00003000 103:06 1062961                   /lib/x86_64-linux-gnu/libdl-2.23.so
7fd349828000-7fd349829000 r--p 00002000 103:06 1062961                   /lib/x86_64-linux-gnu/libdl-2.23.so
7fd349829000-7fd34982a000 rw-p 00003000 103:06 1062961                   /lib/x86_64-linux-gnu/libdl-2.23.so
7fd34982a000-7fd349838000 r-xp 00000000 103:06 3682759                   /usr/lib/jvm/java-9-oracle/lib/jli/libjli.so
7fd349838000-7fd349a38000 ---p 0000e000 103:06 3682759                   /usr/lib/jvm/java-9-oracle/lib/jli/libjli.so
7fd349a38000-7fd349a39000 rw-p 0000e000 103:06 3682759                   /usr/lib/jvm/java-9-oracle/lib/jli/libjli.so
7fd349a39000-7fd349a51000 r-xp 00000000 103:06 1062956                   /lib/x86_64-linux-gnu/libpthread-2.23.so
7fd349a51000-7fd349c50000 ---p 00018000 103:06 1062956                   /lib/x86_64-linux-gnu/libpthread-2.23.so
7fd349c50000-7fd349c51000 r--p 00017000 103:06 1062956                   /lib/x86_64-linux-gnu/libpthread-2.23.so
7fd349c51000-7fd349c52000 rw-p 00018000 103:06 1062956                   /lib/x86_64-linux-gnu/libpthread-2.23.so
7fd349c52000-7fd349c56000 rw-p 00000000 00:00 0 
7fd349c56000-7fd349c6f000 r-xp 00000000 103:06 1048783                   /lib/x86_64-linux-gnu/libz.so.1.2.8
7fd349c6f000-7fd349e6e000 ---p 00019000 103:06 1048783                   /lib/x86_64-linux-gnu/libz.so.1.2.8
7fd349e6e000-7fd349e6f000 r--p 00018000 103:06 1048783                   /lib/x86_64-linux-gnu/libz.so.1.2.8
7fd349e6f000-7fd349e70000 rw-p 00019000 103:06 1048783                   /lib/x86_64-linux-gnu/libz.so.1.2.8
7fd349e70000-7fd349e96000 r-xp 00000000 103:06 1062955                   /lib/x86_64-linux-gnu/ld-2.23.so
7fd349ec5000-7fd349f4a000 rw-p 00000000 00:00 0 
7fd349f4a000-7fd349f4f000 ---p 00000000 00:00 0 
7fd349f4f000-7fd34a050000 rw-p 00000000 00:00 0 
7fd34a075000-7fd34a07c000 r--s 00000000 103:06 3693921                   /usr/lib/x86_64-linux-gnu/gconv/gconv-modules.cache
7fd34a07c000-7fd34a082000 rw-p 00000000 00:00 0 
7fd34a082000-7fd34a089000 ---p 00000000 00:00 0 
7fd34a089000-7fd34a08b000 r--s 00001000 103:06 2106166                   /opt/intellij-idea-community/lib/rt/debugger-agent-storage.jar
7fd34a08b000-7fd34a093000 rw-s 00000000 103:06 1843381                   /tmp/hsperfdata_enmo/3538
7fd34a093000-7fd34a094000 rw-p 00000000 00:00 0 
7fd34a094000-7fd34a095000 r--p 00000000 00:00 0 
7fd34a095000-7fd34a096000 r--p 00025000 103:06 1062955                   /lib/x86_64-linux-gnu/ld-2.23.so
7fd34a096000-7fd34a097000 rw-p 00026000 103:06 1062955                   /lib/x86_64-linux-gnu/ld-2.23.so
7fd34a097000-7fd34a098000 rw-p 00000000 00:00 0 
7ffc0de9d000-7ffc0debe000 rw-p 00000000 00:00 0                          [stack]
7ffc0dfba000-7ffc0dfbd000 r--p 00000000 00:00 0                          [vvar]
7ffc0dfbd000-7ffc0dfbf000 r-xp 00000000 00:00 0                          [vdso]
ffffffffff600000-ffffffffff601000 r-xp 00000000 00:00 0                  [vsyscall]

VM Arguments:
jvm_args: -agentlib:jdwp=transport=dt_socket,address=127.0.0.1:43613,suspend=y,server=n -ea -Didea.test.cyclic.buffer.size=1048576 -javaagent:/opt/intellij-idea-community/lib/rt/debugger-agent.jar=/tmp/capture.props -Dfile.encoding=UTF-8 
java_command: com.intellij.rt.execution.junit.JUnitStarter -ideVersion5 -junit5 MyHashMapTest,testContainsValue
java_class_path (initial): /opt/intellij-idea-community/lib/idea_rt.jar:/opt/intellij-idea-community/plugins/junit/lib/junit-rt.jar:/opt/intellij-idea-community/plugins/junit/lib/junit5-rt.jar:/home/enmo/.m2/repository/org/junit/platform/junit-platform-launcher/1.0.0/junit-platform-launcher-1.0.0.jar:/home/enmo/.m2/repository/org/apiguardian/apiguardian-api/1.0.0/apiguardian-api-1.0.0.jar:/home/enmo/.m2/repository/org/junit/platform/junit-platform-engine/1.0.0/junit-platform-engine-1.0.0.jar:/home/enmo/.m2/repository/org/junit/platform/junit-platform-commons/1.0.0/junit-platform-commons-1.0.0.jar:/home/enmo/.m2/repository/org/opentest4j/opentest4j/1.0.0/opentest4j-1.0.0.jar:/home/enmo/.m2/repository/org/junit/jupiter/junit-jupiter-engine/5.0.0/junit-jupiter-engine-5.0.0.jar:/home/enmo/.m2/repository/org/junit/jupiter/junit-jupiter-api/5.0.0/junit-jupiter-api-5.0.0.jar:/home/enmo/DSA/DSA-18/datastructures/day04/out/test/day04:/home/enmo/DSA/DSA-18/datastructures/day04/out/production/day04
Launcher Type: SUN_STANDARD

Logging:
Log output configuration:
#0: stdout all=warning uptime,level,tags
#1: stderr all=off uptime,level,tags

Environment Variables:
JAVA_HOME=/usr/lib/jvm/java-9-oracle
PATH=/home/enmo/bin:/home/enmo/.local/bin:/usr/local/sbin:/usr/local/bin:/usr/sbin:/usr/bin:/sbin:/bin:/usr/games:/usr/local/games:/snap/bin:/usr/lib/jvm/java-9-oracle/bin:/usr/lib/jvm/java-9-oracle/db/bin
SHELL=/bin/bash
DISPLAY=:0

Signal Handlers:
SIGSEGV: [libjvm.so+0xd4d370], sa_mask[0]=11111111011111111101111111111110, sa_flags=SA_RESTART|SA_SIGINFO
SIGBUS: [libjvm.so+0xd4d370], sa_mask[0]=11111111011111111101111111111110, sa_flags=SA_RESTART|SA_SIGINFO
SIGFPE: [libjvm.so+0xd4d370], sa_mask[0]=11111111011111111101111111111110, sa_flags=SA_RESTART|SA_SIGINFO
SIGPIPE: [libjvm.so+0xb64780], sa_mask[0]=11111111011111111101111111111110, sa_flags=SA_RESTART|SA_SIGINFO
SIGXFSZ: [libjvm.so+0xb64780], sa_mask[0]=11111111011111111101111111111110, sa_flags=SA_RESTART|SA_SIGINFO
SIGILL: [libjvm.so+0xd4d370], sa_mask[0]=11111111011111111101111111111110, sa_flags=SA_RESTART|SA_SIGINFO
SIGUSR2: [libjvm.so+0xb64640], sa_mask[0]=00100000000000000000000000000000, sa_flags=SA_RESTART|SA_SIGINFO
SIGHUP: [libjvm.so+0xb64850], sa_mask[0]=11111111011111111101111111111110, sa_flags=SA_RESTART|SA_SIGINFO
SIGINT: [libjvm.so+0xb64850], sa_mask[0]=11111111011111111101111111111110, sa_flags=SA_RESTART|SA_SIGINFO
SIGTERM: [libjvm.so+0xb64850], sa_mask[0]=11111111011111111101111111111110, sa_flags=SA_RESTART|SA_SIGINFO
SIGQUIT: [libjvm.so+0xb64850], sa_mask[0]=11111111011111111101111111111110, sa_flags=SA_RESTART|SA_SIGINFO


---------------  S Y S T E M  ---------------

OS:DISTRIB_ID=Ubuntu
DISTRIB_RELEASE=16.04
DISTRIB_CODENAME=xenial
DISTRIB_DESCRIPTION="Ubuntu 16.04.3 LTS"
uname:Linux 4.13.0-31-generic #34~16.04.1-Ubuntu SMP Fri Jan 19 17:11:01 UTC 2018 x86_64
libc:glibc 2.23 NPTL 2.23 
rlimit: STACK 8192k, CORE 0k, NPROC 63226, NOFILE 1048576, AS infinity
load average:0.40 0.29 0.34

/proc/meminfo:
MemTotal:       16280716 kB
MemFree:        13052260 kB
MemAvailable:   14036956 kB
Buffers:          100608 kB
Cached:          1355060 kB
SwapCached:            0 kB
Active:          2033956 kB
Inactive:         939952 kB
Active(anon):    1519664 kB
Inactive(anon):   247084 kB
Active(file):     514292 kB
Inactive(file):   692868 kB
Unevictable:         208 kB
Mlocked:             208 kB
SwapTotal:      13560828 kB
SwapFree:       13560828 kB
Dirty:             13660 kB
Writeback:             0 kB
AnonPages:       1518364 kB
Mapped:           391656 kB
Shmem:            248512 kB
Slab:             117804 kB
SReclaimable:      70548 kB
SUnreclaim:        47256 kB
KernelStack:       10508 kB
PageTables:        34736 kB
NFS_Unstable:          0 kB
Bounce:                0 kB
WritebackTmp:          0 kB
CommitLimit:    21701184 kB
Committed_AS:    5769968 kB
VmallocTotal:   34359738367 kB
VmallocUsed:           0 kB
VmallocChunk:          0 kB
HardwareCorrupted:     0 kB
AnonHugePages:         0 kB
ShmemHugePages:        0 kB
ShmemPmdMapped:        0 kB
CmaTotal:              0 kB
CmaFree:               0 kB
HugePages_Total:       0
HugePages_Free:        0
HugePages_Rsvd:        0
HugePages_Surp:        0
Hugepagesize:       2048 kB
DirectMap4k:      136220 kB
DirectMap2M:     6010880 kB
DirectMap1G:    10485760 kB


CPU:total 8 (initial active 8) (4 cores per cpu, 2 threads per core) family 6 model 158 stepping 9, cmov, cx8, fxsr, mmx, sse, sse2, sse3, ssse3, sse4.1, sse4.2, popcnt, avx, avx2, aes, clmul, erms, rtm, 3dnowpref, lzcnt, ht, tsc, tscinvbit, bmi1, bmi2, adx, fma
CPU Model and flags from /proc/cpuinfo:
model name	: Intel(R) Core(TM) i7-7820HQ CPU @ 2.90GHz
flags		: fpu vme de pse tsc msr pae mce cx8 apic sep mtrr pge mca cmov pat pse36 clflush dts acpi mmx fxsr sse sse2 ss ht tm pbe syscall nx pdpe1gb rdtscp lm constant_tsc art arch_perfmon pebs bts rep_good nopl xtopology nonstop_tsc cpuid aperfmperf tsc_known_freq pni pclmulqdq dtes64 monitor ds_cpl vmx smx est tm2 ssse3 sdbg fma cx16 xtpr pdcm pcid sse4_1 sse4_2 x2apic movbe popcnt tsc_deadline_timer aes xsave avx f16c rdrand lahf_lm abm 3dnowprefetch cpuid_fault epb invpcid_single pti intel_pt tpr_shadow vnmi flexpriority ept vpid fsgsbase tsc_adjust bmi1 hle avx2 smep bmi2 erms invpcid rtm mpx rdseed adx smap clflushopt xsaveopt xsavec xgetbv1 xsaves dtherm ida arat pln pts hwp hwp_notify hwp_act_window hwp_epp

Memory: 4k page, physical 16280716k(13052260k free), swap 13560828k(13560828k free)

vm_info: Java HotSpot(TM) 64-Bit Server VM (9.0.4+11) for linux-amd64 JRE (9.0.4+11), built on Dec 19 2017 18:12:19 by "mach5one" with gcc 4.9.2

END.
